<?xml version="1.0" encoding="utf-8"?><testsuites><testsuite name="pytest" errors="0" failures="0" skipped="796" tests="3841" time="1355.477" timestamp="2022-12-28T10:35:12.403278" hostname="fv-az216-302"><properties>
[...]
</properties><testcase classname="src.pymortests.basic" name="test_importable" time="0.016" /><testcase classname="src.pymortests.complex_values" name="test_complex" time="0.014" /><testcase classname="src.pymortests.complex_values" name="test_real_imag" time="0.009" /><testcase classname="src.pymortests.complex_values" name="test_scal" time="0.009" /><testcase classname="src.pymortests.complex_values" name="test_axpy" time="0.009" /><testcase classname="src.pymortests.complex_values" name="test_inner" time="0.009" /><testcase classname="src.pymortests.complex_values" name="test_pairwise_inner" time="0.009" /><testcase classname="src.pymortests.demos" name="test_demos[elliptic:'0 0 0 0']" time="11.243" /><testcase classname="src.pymortests.demos" name="test_demos[elliptic:'1 2 0 3']" time="1.366" /><testcase classname="src.pymortests.demos" name="test_demos[elliptic:'--rect 1 2 0 3']" time="1.668" /><testcase classname="src.pymortests.demos" name="test_demos[elliptic:'0 0 2 1']" time="2.183" /><testcase classname="src.pymortests.demos" name="test_demos[elliptic:'--fv 0 0 0 0']" time="3.477" /><testcase classname="src.pymortests.demos" name="test_demos[elliptic:'--fv 1 2 0 3']" time="3.367" /><testcase classname="src.pymortests.demos" name="test_demos[elliptic:'--fv --rect 1 2 0 3']" time="1.821" /><testcase classname="src.pymortests.demos" name="test_demos[elliptic:'--fv 0 0 2 1']" time="3.414" /><testcase classname="src.pymortests.demos" name="test_demos[elliptic2:'0 20 h1']" time="1.085" /><testcase classname="src.pymortests.demos" name="test_demos[elliptic2:'0 20 l2']" time="0.198" /><testcase classname="src.pymortests.demos" name="test_demos[elliptic2:'0 20 0.5']" time="1.032" /><testcase classname="src.pymortests.demos" name="test_demos[elliptic2:'--fv 0 20 0']" time="0.325" /><testcase classname="src.pymortests.demos" name="test_demos[elliptic2:'1 20 h1']" time="1.040" /><testcase classname="src.pymortests.demos" name="test_demos[elliptic2:'1 20 l2']" time="0.205" /><testcase classname="src.pymortests.demos" name="test_demos[elliptic2:'1 20 0.5']" time="1.159" /><testcase classname="src.pymortests.demos" name="test_demos[elliptic_oned:'1 20']" time="0.264" /><testcase classname="src.pymortests.demos" name="test_demos[elliptic_oned:'--fv 1 20']" time="0.960" /><testcase classname="src.pymortests.demos" name="test_demos[burgers:'--num-flux=lax_friedrichs 0.1']" time="0.933" /><testcase classname="src.pymortests.demos" name="test_demos[burgers:'--num-flux=engquist_osher 0.1']" time="1.397" /><testcase classname="src.pymortests.demos" name="test_demos[burgers:'--num-flux=simplified_engquist_osher 0.1']" time="1.073" /><testcase classname="src.pymortests.demos" name="test_demos[parabolic:'heat 1']" time="1.385" /><testcase classname="src.pymortests.demos" name="test_demos[parabolic:'heat --rect 1']" time="1.181" /><testcase classname="src.pymortests.demos" name="test_demos[parabolic:'heat --fv 1']" time="2.090" /><testcase classname="src.pymortests.demos" name="test_demos[parabolic:'heat --rect --fv 1']" time="1.141" /><testcase classname="src.pymortests.demos" name="test_demos[parabolic:'dar 1']" time="1.350" /><testcase classname="src.pymortests.demos" name="test_demos[parabolic:'dar --rect 1']" time="1.058" /><testcase classname="src.pymortests.demos" name="test_demos[elliptic_unstructured:'6.0 16 0.1']" time="0.848" /><testcase classname="src.pymortests.demos" name="test_demos[neural_networks:'15 20 3']" time="0.008"><skipped type="pytest.skip" message="skipped test due to missing neural_">/home/runner/work/pymor/pymor/src/pymortests/demos.py:186: skipped test due to missing neural_</skipped></testcase><testcase classname="src.pymortests.demos" name="test_demos[neural_networks_fenics:'15 3']" time="0.007"><skipped type="pytest.skip" message="skipped test due to missing fenics">/home/runner/work/pymor/pymor/src/pymortests/demos.py:186: skipped test due to missing fenics</skipped></testcase><testcase classname="src.pymortests.demos" name="test_demos[neural_networks_instationary:'0 10 3 15 3']" time="0.007"><skipped type="pytest.skip" message="skipped test due to missing neural_">/home/runner/work/pymor/pymor/src/pymortests/demos.py:186: skipped test due to missing neural_</skipped></testcase><testcase classname="src.pymortests.demos" name="test_demos[neural_networks_instationary:'1 15 3 20 3']" time="0.007"><skipped type="pytest.skip" message="skipped test due to missing neural_">/home/runner/work/pymor/pymor/src/pymortests/demos.py:186: skipped test due to missing neural_</skipped></testcase><testcase classname="src.pymortests.demos" name="test_demos[thermalblock:'--plot-solutions --plot-err --plot-error-sequence 2 2 3 5']" time="4.207" /><testcase classname="src.pymortests.demos" name="test_demos[thermalblock:'--fenics 2 2 3 5']" time="0.007"><skipped type="pytest.skip" message="skipped test due to missing fenics">/home/runner/work/pymor/pymor/src/pymortests/demos.py:186: skipped test due to missing fenics</skipped></testcase><testcase classname="src.pymortests.demos" name="test_demos[thermalblock:'--no-greedy-with-error-estimator 3 1 2 5']" time="6.333" /><testcase classname="src.pymortests.demos" name="test_demos[thermalblock:'--alg=pod 2 2 3 5']" time="7.946" /><testcase classname="src.pymortests.demos" name="test_demos[thermalblock:'--alg=adaptive_greedy 2 2 10 30']" time="12.621" /><testcase classname="src.pymortests.demos" name="test_demos[thermalblock:'--alg=naive --reductor=traditional 2 2 10 5']" time="2.252" /><testcase classname="src.pymortests.demos" name="test_demos[thermalblock:'--list-vector-array 2 2 2 2']" time="1.898" /><testcase classname="src.pymortests.demos" name="test_demos[thermalblock_adaptive:'--cache-region=memory --plot-solutions --plot-error-sequence 10']" time="6.475" /><testcase classname="src.pymortests.demos" name="test_demos[thermalblock_adaptive:'--no-visualize-refinement --plot-err 10']" time="6.534" /><testcase classname="src.pymortests.demos" name="test_demos[thermalblock_simple:'pymor naive 2 5 5']" time="2.811" /><testcase classname="src.pymortests.demos" name="test_demos[thermalblock_simple:'fenics greedy 2 5 5']" time="0.008"><skipped type="pytest.skip" message="skipped test due to missing fenics">/home/runner/work/pymor/pymor/src/pymortests/demos.py:186: skipped test due to missing fenics</skipped></testcase><testcase classname="src.pymortests.demos" name="test_demos[thermalblock_simple:'ngsolve pod 2 5 5']" time="0.007"><skipped type="pytest.skip" message="skipped test due to missing ngsolve">/home/runner/work/pymor/pymor/src/pymortests/demos.py:186: skipped test due to missing ngsolve</skipped></testcase><testcase classname="src.pymortests.demos" name="test_demos[thermalblock_simple:'-- pymor_text adaptive_greedy -1 3 3']" time="4.302" /><testcase classname="src.pymortests.demos" name="test_demos[thermalblock_gui:'--testing 2 2 3 5']" time="0.666" /><testcase classname="src.pymortests.demos" name="test_demos[burgers_ei:'1 2 2 5 2 5 --plot-ei-err --plot-err --plot-solutions']" time="23.913" /><testcase classname="src.pymortests.demos" name="test_demos[burgers_ei:'1 2 2 5 2 5 --ei-alg=deim --plot-error-landscape']" time="19.840" /><testcase classname="src.pymortests.demos" name="test_demos[parabolic_mor:'pymor greedy 2 3 1']" time="1.679" /><testcase classname="src.pymortests.demos" name="test_demos[parabolic_mor:'pymor pod 2 3 1']" time="1.350" /><testcase classname="src.pymortests.demos" name="test_demos[parabolic_mor:'fenics adaptive_greedy 2 3 1']" time="0.008"><skipped type="pytest.skip" message="skipped test due to missing fenics">/home/runner/work/pymor/pymor/src/pymortests/demos.py:186: skipped test due to missing fenics</skipped></testcase><testcase classname="src.pymortests.demos" name="test_demos[heat:'0.2 2']" time="10.116" /><testcase classname="src.pymortests.demos" name="test_demos[delay:'1 2']" time="3.864" /><testcase classname="src.pymortests.demos" name="test_demos[string_equation:'5 2']" time="12.194" /><testcase classname="src.pymortests.demos" name="test_demos[parametric_heat:'0.02 2']" time="48.102" /><testcase classname="src.pymortests.demos" name="test_demos[parametric_delay:'2']" time="8.046" /><testcase classname="src.pymortests.demos" name="test_demos[parametric_string:'5 2']" time="42.728" /><testcase classname="src.pymortests.demos" name="test_demos[parametric_synthetic:'10 2']" time="19.113" /><testcase classname="src.pymortests.demos" name="test_demos[unstable_heat:'50 10']" time="1.954" /><testcase classname="src.pymortests.demos" name="test_demos[hapod:'--snap=3 0.01 10 100']" time="2.588" /><testcase classname="src.pymortests.demos" name="test_demos[hapod:'--snap=3 --threads=2 0.01 10 100']" time="2.659" /><testcase classname="src.pymortests.demos" name="test_demos[hapod:'--snap=3 --procs=2 --arity=2 0.01 10 100']" time="3.480" /><testcase classname="src.pymortests.demos" name="test_demos[fenics_nonlinear:'2 10 2']" time="0.010"><skipped type="pytest.skip" message="skipped test due to missing fenics">/home/runner/work/pymor/pymor/src/pymortests/demos.py:186: skipped test due to missing fenics</skipped></testcase><testcase classname="src.pymortests.demos" name="test_demos[fenics_nonlinear:'3 5 1']" time="0.008"><skipped type="pytest.skip" message="skipped test due to missing fenics">/home/runner/work/pymor/pymor/src/pymortests/demos.py:186: skipped test due to missing fenics</skipped></testcase><testcase classname="src.pymortests.demos" name="test_demos[function_ei:'--grid=10 3 2 3 2 --plot-ei-err --plot-solutions']" time="38.976" /><testcase classname="src.pymortests.demos" name="test_demos[linear_optimization:'40 20']" time="3.075" /><testcase classname="src.pymortests.demos" name="test_demos[output_error_estimation:'0 10 4 10 0']" time="3.100" /><testcase classname="src.pymortests.demos" name="test_demos[output_error_estimation:'0 10 4 10 1']" time="3.536" /><testcase classname="src.pymortests.demos" name="test_demos[output_error_estimation:'1 10 4 10 1']" time="3.514" /><testcase classname="src.pymortests.demos" name="test_demos[output_error_estimation:'2 10 4 10 0']" time="3.181" /><testcase classname="src.pymortests.demos" name="test_demos[output_error_estimation:'2 10 4 10 1']" time="3.503" /><testcase classname="src.pymortests.demos" name="test_demos[output_error_estimation:'3 10 10 10 1']" time="6.656" /><testcase classname="src.pymortests.demos" name="test_demos[output_error_estimation:'4 10 10 10 1']" time="6.609" /><testcase classname="src.pymortests.demos" name="test_demos[output_error_estimation_with_dwr:'0 10 4 12']" time="21.850" /><testcase classname="src.pymortests.demos" name="test_demos[output_error_estimation_with_dwr:'1 10 4 8']" time="23.730" /><testcase classname="src.pymortests.demos" name="test_demos[burgers_dmd:'1.5 --grid=10 --nt=100']" time="6.124" /><testcase classname="src.pymortests.demos" name="test_demos[dmd_identification:'--n=4 --m=10']" time="0.020" /><testcase classname="src.pymortests.demos" name="test_demos[phlti:'--n=10']" time="0.946" /><testcase classname="src.pymortests.demos" name="test_demos[symplectic_wave_equation:'1.0 10']" time="1.600" /><testcase classname="src.pymortests.demos" name="test_analyze_pickle1" time="3.635" /><testcase classname="src.pymortests.demos" name="test_analyze_pickle2" time="6.865" /><testcase classname="src.pymortests.demos" name="test_analyze_pickle3" time="4.462" /><testcase classname="src.pymortests.demos" name="test_analyze_pickle4" time="4.468" /><testcase classname="src.pymortests.demos" name="test_thermalblock_ipython[ipy_args0]" time="29.231" /><testcase classname="src.pymortests.demos" name="test_thermalblock_ipython[ipy_args1]" time="0.014"><skipped type="pytest.skip" message="skipped test due to missing fenics">/home/runner/work/pymor/pymor/src/pymortests/demos.py:186: skipped test due to missing fenics</skipped></testcase><testcase classname="src.pymortests.demos" name="test_thermalblock_results[thermalblock:'--plot-solutions --plot-err --plot-error-sequence 2 2 3 5']" time="3.961" /><testcase classname="src.pymortests.demos" name="test_thermalblock_results[thermalblock:'--fenics 2 2 3 5']" time="0.009"><skipped type="pytest.skip" message="skipped test due to missing fenics">/home/runner/work/pymor/pymor/src/pymortests/demos.py:186: skipped test due to missing fenics</skipped></testcase><testcase classname="src.pymortests.demos" name="test_thermalblock_results[thermalblock:'--no-greedy-with-error-estimator 3 1 2 5']" time="6.413" /><testcase classname="src.pymortests.demos" name="test_thermalblock_results[thermalblock:'--alg=pod 2 2 3 5']" time="8.117" /><testcase classname="src.pymortests.demos" name="test_thermalblock_results[thermalblock:'--alg=adaptive_greedy 2 2 10 30']" time="12.753" /><testcase classname="src.pymortests.demos" name="test_thermalblock_results[thermalblock:'--alg=naive --reductor=traditional 2 2 10 5']" time="2.278" /><testcase classname="src.pymortests.demos" name="test_thermalblock_results[thermalblock:'--list-vector-array 2 2 2 2']" time="1.895" /><testcase classname="src.pymortests.demos" name="test_burgers_ei_results" time="101.161" /><testcase classname="src.pymortests.demos" name="test_parabolic_mor_results" time="9.596" /><testcase classname="src.pymortests.docker_ci_smoketest" name="test_config[DEALII]" time="0.005"><skipped type="pytest.skip" message="Guarantee only valid in the docker container">/home/runner/work/pymor/pymor/src/pymortests/docker_ci_smoketest.py:12: Guarantee only valid in the docker container</skipped></testcase><testcase classname="src.pymortests.docker_ci_smoketest" name="test_config[DUNEGDT]" time="0.004"><skipped type="pytest.skip" message="Guarantee only valid in the docker container">/home/runner/work/pymor/pymor/src/pymortests/docker_ci_smoketest.py:12: Guarantee only valid in the docker container</skipped></testcase><testcase classname="src.pymortests.docker_ci_smoketest" name="test_config[FENICS]" time="0.004"><skipped type="pytest.skip" message="Guarantee only valid in the docker container">/home/runner/work/pymor/pymor/src/pymortests/docker_ci_smoketest.py:12: Guarantee only valid in the docker container</skipped></testcase><testcase classname="src.pymortests.docker_ci_smoketest" name="test_config[GL]" time="0.004"><skipped type="pytest.skip" message="Guarantee only valid in the docker container">/home/runner/work/pymor/pymor/src/pymortests/docker_ci_smoketest.py:12: Guarantee only valid in the docker container</skipped></testcase><testcase classname="src.pymortests.docker_ci_smoketest" name="test_config[IPYTHON]" time="0.004"><skipped type="pytest.skip" message="Guarantee only valid in the docker container">/home/runner/work/pymor/pymor/src/pymortests/docker_ci_smoketest.py:12: Guarantee only valid in the docker container</skipped></testcase><testcase classname="src.pymortests.docker_ci_smoketest" name="test_config[MATPLOTLIB]" time="0.004"><skipped type="pytest.skip" message="Guarantee only valid in the docker container">/home/runner/work/pymor/pymor/src/pymortests/docker_ci_smoketest.py:12: Guarantee only valid in the docker container</skipped></testcase><testcase classname="src.pymortests.docker_ci_smoketest" name="test_config[VTKIO]" time="0.004"><skipped type="pytest.skip" message="Guarantee only valid in the docker container">/home/runner/work/pymor/pymor/src/pymortests/docker_ci_smoketest.py:12: Guarantee only valid in the docker container</skipped></testcase><testcase classname="src.pymortests.docker_ci_smoketest" name="test_config[MESHIO]" time="0.005"><skipped type="pytest.skip" message="Guarantee only valid in the docker container">/home/runner/work/pymor/pymor/src/pymortests/docker_ci_smoketest.py:12: Guarantee only valid in the docker container</skipped></testcase><testcase classname="src.pymortests.docker_ci_smoketest" name="test_config[IPYWIDGETS]" time="0.004"><skipped type="pytest.skip" message="Guarantee only valid in the docker container">/home/runner/work/pymor/pymor/src/pymortests/docker_ci_smoketest.py:12: Guarantee only valid in the docker container</skipped></testcase><testcase classname="src.pymortests.docker_ci_smoketest" name="test_config[MPI]" time="0.004"><skipped type="pytest.skip" message="Guarantee only valid in the docker container">/home/runner/work/pymor/pymor/src/pymortests/docker_ci_smoketest.py:12: Guarantee only valid in the docker container</skipped></testcase><testcase classname="src.pymortests.docker_ci_smoketest" name="test_config[NGSOLVE]" time="0.004"><skipped type="pytest.skip" message="Guarantee only valid in the docker container">/home/runner/work/pymor/pymor/src/pymortests/docker_ci_smoketest.py:12: Guarantee only valid in the docker container</skipped></testcase><testcase classname="src.pymortests.docker_ci_smoketest" name="test_config[NUMPY]" time="0.004"><skipped type="pytest.skip" message="Guarantee only valid in the docker container">/home/runner/work/pymor/pymor/src/pymortests/docker_ci_smoketest.py:12: Guarantee only valid in the docker container</skipped></testcase><testcase classname="src.pymortests.docker_ci_smoketest" name="test_config[PYMESS]" time="0.004"><skipped type="pytest.skip" message="Guarantee only valid in the docker container">/home/runner/work/pymor/pymor/src/pymortests/docker_ci_smoketest.py:12: Guarantee only valid in the docker container</skipped></testcase><testcase classname="src.pymortests.docker_ci_smoketest" name="test_config[PYTEST]" time="0.004"><skipped type="pytest.skip" message="Guarantee only valid in the docker container">/home/runner/work/pymor/pymor/src/pymortests/docker_ci_smoketest.py:12: Guarantee only valid in the docker container</skipped></testcase><testcase classname="src.pymortests.docker_ci_smoketest" name="test_config[PYTHREEJS]" time="0.004"><skipped type="pytest.skip" message="Guarantee only valid in the docker container">/home/runner/work/pymor/pymor/src/pymortests/docker_ci_smoketest.py:12: Guarantee only valid in the docker container</skipped></testcase><testcase classname="src.pymortests.docker_ci_smoketest" name="test_config[QT]" time="0.005"><skipped type="pytest.skip" message="Guarantee only valid in the docker container">/home/runner/work/pymor/pymor/src/pymortests/docker_ci_smoketest.py:12: Guarantee only valid in the docker container</skipped></testcase><testcase classname="src.pymortests.docker_ci_smoketest" name="test_config[QTOPENGL]" time="0.016"><skipped type="pytest.skip" message="Guarantee only valid in the docker container">/home/runner/work/pymor/pymor/src/pymortests/docker_ci_smoketest.py:12: Guarantee only valid in the docker container</skipped></testcase><testcase classname="src.pymortests.docker_ci_smoketest" name="test_config[SCIKIT_FEM]" time="0.004"><skipped type="pytest.skip" message="Guarantee only valid in the docker container">/home/runner/work/pymor/pymor/src/pymortests/docker_ci_smoketest.py:12: Guarantee only valid in the docker container</skipped></testcase><testcase classname="src.pymortests.docker_ci_smoketest" name="test_config[SCIPY]" time="0.004"><skipped type="pytest.skip" message="Guarantee only valid in the docker container">/home/runner/work/pymor/pymor/src/pymortests/docker_ci_smoketest.py:12: Guarantee only valid in the docker container</skipped></testcase><testcase classname="src.pymortests.docker_ci_smoketest" name="test_config[SCIPY_LSMR]" time="0.004"><skipped type="pytest.skip" message="Guarantee only valid in the docker container">/home/runner/work/pymor/pymor/src/pymortests/docker_ci_smoketest.py:12: Guarantee only valid in the docker container</skipped></testcase><testcase classname="src.pymortests.docker_ci_smoketest" name="test_config[SLYCOT]" time="0.004"><skipped type="pytest.skip" message="Guarantee only valid in the docker container">/home/runner/work/pymor/pymor/src/pymortests/docker_ci_smoketest.py:12: Guarantee only valid in the docker container</skipped></testcase><testcase classname="src.pymortests.docker_ci_smoketest" name="test_config[SPHINX]" time="0.004"><skipped type="pytest.skip" message="Guarantee only valid in the docker container">/home/runner/work/pymor/pymor/src/pymortests/docker_ci_smoketest.py:12: Guarantee only valid in the docker container</skipped></testcase><testcase classname="src.pymortests.docker_ci_smoketest" name="test_config[TORCH]" time="0.004"><skipped type="pytest.skip" message="Guarantee only valid in the docker container">/home/runner/work/pymor/pymor/src/pymortests/docker_ci_smoketest.py:12: Guarantee only valid in the docker container</skipped></testcase><testcase classname="src.pymortests.docker_ci_smoketest" name="test_config[TYPER]" time="0.005"><skipped type="pytest.skip" message="Guarantee only valid in the docker container">/home/runner/work/pymor/pymor/src/pymortests/docker_ci_smoketest.py:12: Guarantee only valid in the docker container</skipped></testcase><testcase classname="src.pymortests.docker_ci_smoketest" name="test_no_dune_warnings" time="0.004"><skipped type="pytest.skip" message="Guarantee only valid in the docker container">/home/runner/work/pymor/pymor/src/pymortests/docker_ci_smoketest.py:19: Guarantee only valid in the docker container</skipped></testcase><testcase classname="src.pymortests.docker_ci_smoketest" name="test_dune_warnings" time="0.004"><skipped type="pytest.skip" message="Guarantee only valid in the docker container">/home/runner/work/pymor/pymor/src/pymortests/docker_ci_smoketest.py:25: Guarantee only valid in the docker container</skipped></testcase><testcase classname="src.pymortests.neural_network" name="test_linear_function_fitting" time="0.013"><skipped type="pytest.skip" message="skipped test due to missing dependency TORCH">/home/runner/work/pymor/pymor/src/pymortests/base.py:122: skipped test due to missing dependency TORCH</skipped></testcase><testcase classname="src.pymortests.neural_network" name="test_no_training_data" time="0.013"><skipped type="pytest.skip" message="skipped test due to missing dependency TORCH">/home/runner/work/pymor/pymor/src/pymortests/base.py:122: skipped test due to missing dependency TORCH</skipped></testcase><testcase classname="src.pymortests.neural_network" name="test_issue_1649" time="0.014"><skipped type="pytest.skip" message="skipped test due to missing dependency TORCH">/home/runner/work/pymor/pymor/src/pymortests/base.py:122: skipped test due to missing dependency TORCH</skipped></testcase><testcase classname="src.pymortests.tools" name="test_rng_state_deterministic_a" time="0.013" /><testcase classname="src.pymortests.tools" name="test_rng_state_deterministic_b" time="0.013" /><testcase classname="src.pymortests.tools" name="test_quadrature_polynomials" time="0.016" /><testcase classname="src.pymortests.tools" name="test_quadrature_other_functions" time="0.014" /><testcase classname="src.pymortests.tools" name="test_quadrature_weights" time="0.013" /><testcase classname="src.pymortests.tools" name="test_quadrature_points" time="0.014" /><testcase classname="src.pymortests.tools" name="test_float_cmp" time="0.015" /><testcase classname="src.pymortests.tools" name="test_almost_less" time="0.014" /><testcase classname="src.pymortests.tools" name="test_vtkio" time="1.995" /><testcase classname="src.pymortests.tools" name="testTimingContext" time="0.018" /><testcase classname="src.pymortests.tools" name="testTimingDecorator" time="0.030" /><testcase classname="src.pymortests.tools" name="testTiming" time="0.029" /><testcase classname="src.pymortests.tools" name="testDeprecated" time="0.014" /><testcase classname="src.pymortests.tools" name="test_formatsrc" time="0.163" /><testcase classname="src.pymortests.tools" name="test_formatsrc_nopygments" time="0.017" /><testcase classname="src.pymortests.tools" name="test_load_matrix" time="0.027" /><testcase classname="src.pymortests.tools" name="test_save_load_matrix[.mat]" time="0.016" /><testcase classname="src.pymortests.tools" name="test_save_load_matrix[.mtx]" time="0.016" /><testcase classname="src.pymortests.tools" name="test_save_load_matrix[.mtz.gz]" time="0.016" /><testcase classname="src.pymortests.tools" name="test_save_load_matrix[.npy]" time="0.016" /><testcase classname="src.pymortests.tools" name="test_save_load_matrix[.npz]" time="0.017" /><testcase classname="src.pymortests.tools" name="test_save_load_matrix[.txt]" time="0.017" /><testcase classname="src.pymortests.tools" name="test_cwd_ctx_manager" time="0.014" /><testcase classname="src.pymortests.tools" name="test_plot_spikes[linear-linear]" time="0.030" /><testcase classname="src.pymortests.tools" name="test_plot_spikes[linear-log]" time="0.039" /><testcase classname="src.pymortests.tools" name="test_plot_spikes[log-linear]" time="0.035" /><testcase classname="src.pymortests.tools" name="test_plot_spikes[log-log]" time="0.043" /><testcase classname="src.pymortests.tools" name="test_plot_spikes_multiple[linear-linear]" time="0.069" /><testcase classname="src.pymortests.tools" name="test_plot_spikes_multiple[linear-log]" time="0.075" /><testcase classname="src.pymortests.tools" name="test_plot_spikes_multiple[log-linear]" time="0.100" /><testcase classname="src.pymortests.tools" name="test_plot_spikes_multiple[log-log]" time="0.096" /><testcase classname="src.pymortests.tools" name="test_plot_complex[linear-linear]" time="0.032" /><testcase classname="src.pymortests.tools" name="test_plot_complex[linear-log]" time="0.042" /><testcase classname="src.pymortests.tools" name="test_plot_complex[log-linear]" time="0.035" /><testcase classname="src.pymortests.tools" name="test_plot_complex[log-log]" time="0.040" /><testcase classname="src.pymortests.vectorarray" name="test_empty" time="0.548" /><testcase classname="src.pymortests.vectorarray" name="test_print" time="1.171" /><testcase classname="src.pymortests.vectorarray" name="test_zeros" time="1.596" /><testcase classname="src.pymortests.vectorarray" name="test_ones" time="1.476" /><testcase classname="src.pymortests.vectorarray" name="test_full" time="1.062" /><testcase classname="src.pymortests.vectorarray" name="test_random_uniform_all" time="1.663" /><testcase classname="src.pymortests.vectorarray" name="test_random_normal" time="1.602" /><testcase classname="src.pymortests.vectorarray" name="test_from_numpy" time="0.761" /><testcase classname="src.pymortests.vectorarray" name="test_shape" time="1.661" /><testcase classname="src.pymortests.vectorarray" name="test_space" time="1.144" /><testcase classname="src.pymortests.vectorarray" name="test_getitem_repeated" time="1.554" /><testcase classname="src.pymortests.vectorarray" name="test_copy" time="0.836" /><testcase classname="src.pymortests.vectorarray" name="test_COW" time="1.859" /><testcase classname="src.pymortests.vectorarray" name="test_copy_repeated_index" time="1.590" /><testcase classname="src.pymortests.vectorarray" name="test_append" time="1.724" /><testcase classname="src.pymortests.vectorarray" name="test_append_self" time="1.215" /><testcase classname="src.pymortests.vectorarray" name="test_del" time="1.124" /><testcase classname="src.pymortests.vectorarray" name="test_scal" time="0.712" /><testcase classname="src.pymortests.vectorarray" name="test_scal_imaginary" time="1.869" /><testcase classname="src.pymortests.vectorarray" name="test_axpy" time="2.358" /><testcase classname="src.pymortests.vectorarray" name="test_axpy_one_x" time="3.100" /><testcase classname="src.pymortests.vectorarray" name="test_axpy_self" time="1.608" /><testcase classname="src.pymortests.vectorarray" name="test_pairwise_inner" time="1.533" /><testcase classname="src.pymortests.vectorarray" name="test_pairwise_inner_self" time="1.211" /><testcase classname="src.pymortests.vectorarray" name="test_inner" time="3.403" /><testcase classname="src.pymortests.vectorarray" name="test_inner_self" time="2.157" /><testcase classname="src.pymortests.vectorarray" name="test_lincomb_1d" time="0.931" /><testcase classname="src.pymortests.vectorarray" name="test_lincomb_2d" time="2.490" /><testcase classname="src.pymortests.vectorarray" name="test_lincomb_wrong_coefficients" time="2.066" /><testcase classname="src.pymortests.vectorarray" name="test_norm" time="1.255" /><testcase classname="src.pymortests.vectorarray" name="test_norm2" time="1.979" /><testcase classname="src.pymortests.vectorarray" name="test_sup_norm" time="1.153" /><testcase classname="src.pymortests.vectorarray" name="test_dofs" time="0.920" /><testcase classname="src.pymortests.vectorarray" name="test_components_wrong_dof_indices" time="0.801" /><testcase classname="src.pymortests.vectorarray" name="test_amax" time="1.278" /><testcase classname="src.pymortests.vectorarray" name="test_gramian" time="1.269" /><testcase classname="src.pymortests.vectorarray" name="test_add" time="2.503" /><testcase classname="src.pymortests.vectorarray" name="test_iadd" time="1.225" /><testcase classname="src.pymortests.vectorarray" name="test_sub" time="2.159" /><testcase classname="src.pymortests.vectorarray" name="test_isub" time="1.035" /><testcase classname="src.pymortests.vectorarray" name="test_neg" time="1.759" /><testcase classname="src.pymortests.vectorarray" name="test_mul" time="1.184" /><testcase classname="src.pymortests.vectorarray" name="test_mul_wrong_factor" time="1.056" /><testcase classname="src.pymortests.vectorarray" name="test_rmul" time="0.839" /><testcase classname="src.pymortests.vectorarray" name="test_imul" time="1.732" /><testcase classname="src.pymortests.vectorarray" name="test_imul_wrong_factor" time="1.043" /><testcase classname="src.pymortests.vectorarray" name="test_iter" time="0.888" /><testcase classname="src.pymortests.vectorarray" name="test_append_incompatible" time="1.162" /><testcase classname="src.pymortests.vectorarray" name="test_axpy_incompatible" time="5.654" /><testcase classname="src.pymortests.vectorarray" name="test_inner_incompatible" time="2.021" /><testcase classname="src.pymortests.vectorarray" name="test_pairwise_inner_incompatible" time="2.105" /><testcase classname="src.pymortests.vectorarray" name="test_add_incompatible" time="1.601" /><testcase classname="src.pymortests.vectorarray" name="test_iadd_incompatible" time="1.533" /><testcase classname="src.pymortests.vectorarray" name="test_sub_incompatible" time="1.668" /><testcase classname="src.pymortests.vectorarray" name="test_isub_incompatible" time="0.832" /><testcase classname="src.pymortests.vectorarray" name="test_wrong_ind_raises_exception" time="0.696" /><testcase classname="src.pymortests.vectorarray" name="test_scal_wrong_coefficients" time="1.401" /><testcase classname="src.pymortests.vectorarray" name="test_axpy_wrong_coefficients" time="2.911" /><testcase classname="src.pymortests.vectorarray" name="test_pickle" time="1.384" /><testcase classname="src.pymortests.algorithms.basic" name="test_almost_equal" time="0.757" /><testcase classname="src.pymortests.algorithms.basic" name="test_almost_equal_product[&lt;lambda&gt;0]" time="0.060" /><testcase classname="src.pymortests.algorithms.basic" name="test_almost_equal_product[&lt;lambda&gt;1]" time="0.052" /><testcase classname="src.pymortests.algorithms.basic" name="test_almost_equal_product[&lt;lambda&gt;2]" time="0.060" /><testcase classname="src.pymortests.algorithms.basic" name="test_almost_equal_product[&lt;lambda&gt;3]" time="0.052" /><testcase classname="src.pymortests.algorithms.basic" name="test_almost_equal_product[&lt;lambda&gt;4]" time="0.059" /><testcase classname="src.pymortests.algorithms.basic" name="test_almost_equal_product[&lt;lambda&gt;5]" time="0.053" /><testcase classname="src.pymortests.algorithms.basic" name="test_almost_equal_product[&lt;lambda&gt;6]" time="0.059" /><testcase classname="src.pymortests.algorithms.basic" name="test_almost_equal_product[&lt;lambda&gt;7]" time="0.052" /><testcase classname="src.pymortests.algorithms.basic" name="test_almost_equal_product[&lt;lambda&gt;8]" time="0.059" /><testcase classname="src.pymortests.algorithms.basic" name="test_almost_equal_product[&lt;lambda&gt;9]" time="0.053" /><testcase classname="src.pymortests.algorithms.basic" name="test_almost_equal_product[&lt;lambda&gt;10]" time="0.060" /><testcase classname="src.pymortests.algorithms.basic" name="test_almost_equal_product[&lt;lambda&gt;11]" time="0.052" /><testcase classname="src.pymortests.algorithms.basic" name="test_almost_equal_product[&lt;lambda&gt;12]" time="0.055" /><testcase classname="src.pymortests.algorithms.basic" name="test_almost_equal_product[&lt;lambda&gt;13]" time="0.049" /><testcase classname="src.pymortests.algorithms.basic" name="test_almost_equal_product[&lt;lambda&gt;14]" time="0.058" /><testcase classname="src.pymortests.algorithms.basic" name="test_almost_equal_product[&lt;lambda&gt;15]" time="0.051" /><testcase classname="src.pymortests.algorithms.basic" name="test_almost_equal_product[&lt;lambda&gt;16]" time="0.055" /><testcase classname="src.pymortests.algorithms.basic" name="test_almost_equal_product[&lt;lambda&gt;17]" time="0.048" /><testcase classname="src.pymortests.algorithms.basic" name="test_almost_equal_product[&lt;lambda&gt;18]" time="0.059" /><testcase classname="src.pymortests.algorithms.basic" name="test_almost_equal_product[&lt;lambda&gt;19]" time="0.052" /><testcase classname="src.pymortests.algorithms.basic" name="test_almost_equal_product[&lt;lambda&gt;20]" time="0.058" /><testcase classname="src.pymortests.algorithms.basic" name="test_almost_equal_product[&lt;lambda&gt;21]" time="0.051" /><testcase classname="src.pymortests.algorithms.basic" name="test_almost_equal_product[&lt;lambda&gt;22]" time="0.058" /><testcase classname="src.pymortests.algorithms.basic" name="test_almost_equal_product[&lt;lambda&gt;23]" time="0.052" /><testcase classname="src.pymortests.algorithms.basic" name="test_almost_equal_product[&lt;lambda&gt;24]" time="0.054" /><testcase classname="src.pymortests.algorithms.basic" name="test_almost_equal_product[&lt;lambda&gt;25]" time="0.032" /><testcase classname="src.pymortests.algorithms.basic" name="test_almost_equal_product[&lt;lambda&gt;26]" time="0.034" /><testcase classname="src.pymortests.algorithms.basic" name="test_almost_equal_product[&lt;lambda&gt;27]" time="0.065" /><testcase classname="src.pymortests.algorithms.basic" name="test_almost_equal_product[&lt;lambda&gt;28]" time="0.064" /><testcase classname="src.pymortests.algorithms.basic" name="test_almost_equal_product[&lt;lambda&gt;29]" time="0.046" /><testcase classname="src.pymortests.algorithms.basic" name="test_almost_equal_product[&lt;lambda&gt;30]" time="0.031" /><testcase classname="src.pymortests.algorithms.basic" name="test_almost_equal_product[&lt;lambda&gt;31]" time="0.031" /><testcase classname="src.pymortests.algorithms.basic" name="test_almost_equal_product[&lt;lambda&gt;32]" time="0.075" /><testcase classname="src.pymortests.algorithms.basic" name="test_almost_equal_product[&lt;lambda&gt;33]" time="0.064" /><testcase classname="src.pymortests.algorithms.basic" name="test_almost_equal_product[&lt;lambda&gt;34]" time="0.033" /><testcase classname="src.pymortests.algorithms.basic" name="test_almost_equal_product[&lt;lambda&gt;35]" time="0.062" /><testcase classname="src.pymortests.algorithms.basic" name="test_almost_equal_product[&lt;lambda&gt;36]" time="0.015" /><testcase classname="src.pymortests.algorithms.basic" name="test_almost_equal_product[&lt;lambda&gt;37]" time="0.015" /><testcase classname="src.pymortests.algorithms.basic" name="test_almost_equal_product[&lt;lambda&gt;38]" time="0.037" /><testcase classname="src.pymortests.algorithms.basic" name="test_almost_equal_self" time="6.039" /><testcase classname="src.pymortests.algorithms.basic" name="test_almost_equal_self_product[&lt;lambda&gt;0]" time="0.173" /><testcase classname="src.pymortests.algorithms.basic" name="test_almost_equal_self_product[&lt;lambda&gt;1]" time="0.166" /><testcase classname="src.pymortests.algorithms.basic" name="test_almost_equal_self_product[&lt;lambda&gt;2]" time="0.171" /><testcase classname="src.pymortests.algorithms.basic" name="test_almost_equal_self_product[&lt;lambda&gt;3]" time="0.166" /><testcase classname="src.pymortests.algorithms.basic" name="test_almost_equal_self_product[&lt;lambda&gt;4]" time="0.169" /><testcase classname="src.pymortests.algorithms.basic" name="test_almost_equal_self_product[&lt;lambda&gt;5]" time="0.166" /><testcase classname="src.pymortests.algorithms.basic" name="test_almost_equal_self_product[&lt;lambda&gt;6]" time="0.169" /><testcase classname="src.pymortests.algorithms.basic" name="test_almost_equal_self_product[&lt;lambda&gt;7]" time="0.166" /><testcase classname="src.pymortests.algorithms.basic" name="test_almost_equal_self_product[&lt;lambda&gt;8]" time="0.169" /><testcase classname="src.pymortests.algorithms.basic" name="test_almost_equal_self_product[&lt;lambda&gt;9]" time="0.165" /><testcase classname="src.pymortests.algorithms.basic" name="test_almost_equal_self_product[&lt;lambda&gt;10]" time="0.168" /><testcase classname="src.pymortests.algorithms.basic" name="test_almost_equal_self_product[&lt;lambda&gt;11]" time="0.165" /><testcase classname="src.pymortests.algorithms.basic" name="test_almost_equal_self_product[&lt;lambda&gt;12]" time="0.147" /><testcase classname="src.pymortests.algorithms.basic" name="test_almost_equal_self_product[&lt;lambda&gt;13]" time="0.141" /><testcase classname="src.pymortests.algorithms.basic" name="test_almost_equal_self_product[&lt;lambda&gt;14]" time="0.169" /><testcase classname="src.pymortests.algorithms.basic" name="test_almost_equal_self_product[&lt;lambda&gt;15]" time="0.166" /><testcase classname="src.pymortests.algorithms.basic" name="test_almost_equal_self_product[&lt;lambda&gt;16]" time="0.146" /><testcase classname="src.pymortests.algorithms.basic" name="test_almost_equal_self_product[&lt;lambda&gt;17]" time="0.137" /><testcase classname="src.pymortests.algorithms.basic" name="test_almost_equal_self_product[&lt;lambda&gt;18]" time="0.169" /><testcase classname="src.pymortests.algorithms.basic" name="test_almost_equal_self_product[&lt;lambda&gt;19]" time="0.167" /><testcase classname="src.pymortests.algorithms.basic" name="test_almost_equal_self_product[&lt;lambda&gt;20]" time="0.167" /><testcase classname="src.pymortests.algorithms.basic" name="test_almost_equal_self_product[&lt;lambda&gt;21]" time="0.165" /><testcase classname="src.pymortests.algorithms.basic" name="test_almost_equal_self_product[&lt;lambda&gt;22]" time="0.169" /><testcase classname="src.pymortests.algorithms.basic" name="test_almost_equal_self_product[&lt;lambda&gt;23]" time="0.165" /><testcase classname="src.pymortests.algorithms.basic" name="test_almost_equal_self_product[&lt;lambda&gt;24]" time="0.154" /><testcase classname="src.pymortests.algorithms.basic" name="test_almost_equal_self_product[&lt;lambda&gt;25]" time="0.183" /><testcase classname="src.pymortests.algorithms.basic" name="test_almost_equal_self_product[&lt;lambda&gt;26]" time="0.133" /><testcase classname="src.pymortests.algorithms.basic" name="test_almost_equal_self_product[&lt;lambda&gt;27]" time="0.167" /><testcase classname="src.pymortests.algorithms.basic" name="test_almost_equal_self_product[&lt;lambda&gt;28]" time="0.118" /><testcase classname="src.pymortests.algorithms.basic" name="test_almost_equal_self_product[&lt;lambda&gt;29]" time="0.115" /><testcase classname="src.pymortests.algorithms.basic" name="test_almost_equal_self_product[&lt;lambda&gt;30]" time="0.115" /><testcase classname="src.pymortests.algorithms.basic" name="test_almost_equal_self_product[&lt;lambda&gt;31]" time="0.114" /><testcase classname="src.pymortests.algorithms.basic" name="test_almost_equal_self_product[&lt;lambda&gt;32]" time="0.395" /><testcase classname="src.pymortests.algorithms.basic" name="test_almost_equal_self_product[&lt;lambda&gt;33]" time="0.313" /><testcase classname="src.pymortests.algorithms.basic" name="test_almost_equal_self_product[&lt;lambda&gt;34]" time="0.124" /><testcase classname="src.pymortests.algorithms.basic" name="test_almost_equal_self_product[&lt;lambda&gt;35]" time="0.311" /><testcase classname="src.pymortests.algorithms.basic" name="test_almost_equal_self_product[&lt;lambda&gt;36]" time="0.192" /><testcase classname="src.pymortests.algorithms.basic" name="test_almost_equal_self_product[&lt;lambda&gt;37]" time="0.083" /><testcase classname="src.pymortests.algorithms.basic" name="test_almost_equal_self_product[&lt;lambda&gt;38]" time="0.133" /><testcase classname="src.pymortests.algorithms.basic" name="test_almost_equal_incompatible" time="4.528" /><testcase classname="src.pymortests.algorithms.basic" name="test_project_array" time="1.484" /><testcase classname="src.pymortests.algorithms.basic" name="test_project_array_with_product" time="0.018" /><testcase classname="src.pymortests.algorithms.bernoulli" name="test_bernoulli[False-False-10]" time="0.023" /><testcase classname="src.pymortests.algorithms.bernoulli" name="test_bernoulli[False-False-20]" time="0.023" /><testcase classname="src.pymortests.algorithms.bernoulli" name="test_bernoulli[False-False-30]" time="0.026" /><testcase classname="src.pymortests.algorithms.bernoulli" name="test_bernoulli[False-True-10]" time="0.021" /><testcase classname="src.pymortests.algorithms.bernoulli" name="test_bernoulli[False-True-20]" time="0.023" /><testcase classname="src.pymortests.algorithms.bernoulli" name="test_bernoulli[False-True-30]" time="0.026" /><testcase classname="src.pymortests.algorithms.bernoulli" name="test_bernoulli[True-False-10]" time="0.021" /><testcase classname="src.pymortests.algorithms.bernoulli" name="test_bernoulli[True-False-20]" time="0.023" /><testcase classname="src.pymortests.algorithms.bernoulli" name="test_bernoulli[True-False-30]" time="0.026" /><testcase classname="src.pymortests.algorithms.bernoulli" name="test_bernoulli[True-True-10]" time="0.021" /><testcase classname="src.pymortests.algorithms.bernoulli" name="test_bernoulli[True-True-20]" time="0.023" /><testcase classname="src.pymortests.algorithms.bernoulli" name="test_bernoulli[True-True-30]" time="0.026" /><testcase classname="src.pymortests.algorithms.bernoulli" name="test_bernoulli_stabilize[False-10]" time="0.024" /><testcase classname="src.pymortests.algorithms.bernoulli" name="test_bernoulli_stabilize[False-20]" time="0.024" /><testcase classname="src.pymortests.algorithms.bernoulli" name="test_bernoulli_stabilize[False-30]" time="0.026" /><testcase classname="src.pymortests.algorithms.bernoulli" name="test_bernoulli_stabilize[True-10]" time="0.022" /><testcase classname="src.pymortests.algorithms.bernoulli" name="test_bernoulli_stabilize[True-20]" time="0.023" /><testcase classname="src.pymortests.algorithms.bernoulli" name="test_bernoulli_stabilize[True-30]" time="0.025" /><testcase classname="src.pymortests.algorithms.ei" name="test_ei_restricted_to_full[&lt;lambda&gt;0]" time="0.496" /><testcase classname="src.pymortests.algorithms.ei" name="test_ei_restricted_to_full[&lt;lambda&gt;1]" time="2.068" /><testcase classname="src.pymortests.algorithms.ei" name="test_ei_op_creation[&lt;lambda&gt;0]" time="0.016" /><testcase classname="src.pymortests.algorithms.ei" name="test_ei_op_creation[&lt;lambda&gt;1]" time="0.016" /><testcase classname="src.pymortests.algorithms.ei" name="test_ei_op_creation[&lt;lambda&gt;2]" time="0.016" /><testcase classname="src.pymortests.algorithms.ei" name="test_ei_op_creation[&lt;lambda&gt;3]" time="0.016" /><testcase classname="src.pymortests.algorithms.ei" name="test_ei_op_creation[&lt;lambda&gt;4]" time="0.016" /><testcase classname="src.pymortests.algorithms.ei" name="test_ei_op_creation[&lt;lambda&gt;5]" time="0.016" /><testcase classname="src.pymortests.algorithms.ei" name="test_ei_op_creation[&lt;lambda&gt;6]" time="0.016" /><testcase classname="src.pymortests.algorithms.ei" name="test_ei_op_creation[&lt;lambda&gt;7]" time="0.016" /><testcase classname="src.pymortests.algorithms.ei" name="test_ei_op_creation[&lt;lambda&gt;8]" time="0.040" /><testcase classname="src.pymortests.algorithms.ei" name="test_ei_op_creation[&lt;lambda&gt;9]" time="0.033" /><testcase classname="src.pymortests.algorithms.ei" name="test_ei_op_creation[&lt;lambda&gt;10]" time="0.041" /><testcase classname="src.pymortests.algorithms.ei" name="test_ei_op_creation[&lt;lambda&gt;11]" time="0.034" /><testcase classname="src.pymortests.algorithms.ei" name="test_ei_op_creation[&lt;lambda&gt;12]" time="0.040" /><testcase classname="src.pymortests.algorithms.ei" name="test_ei_op_creation[&lt;lambda&gt;13]" time="0.033" /><testcase classname="src.pymortests.algorithms.ei" name="test_ei_op_creation[&lt;lambda&gt;14]" time="0.040" /><testcase classname="src.pymortests.algorithms.ei" name="test_ei_op_creation[&lt;lambda&gt;15]" time="0.033" /><testcase classname="src.pymortests.algorithms.ei" name="test_ei_op_creation[&lt;lambda&gt;16]" time="0.040" /><testcase classname="src.pymortests.algorithms.ei" name="test_ei_op_creation[&lt;lambda&gt;17]" time="0.033" /><testcase classname="src.pymortests.algorithms.ei" name="test_ei_op_creation[&lt;lambda&gt;18]" time="0.040" /><testcase classname="src.pymortests.algorithms.ei" name="test_ei_op_creation[&lt;lambda&gt;19]" time="0.033" /><testcase classname="src.pymortests.algorithms.ei" name="test_ei_op_creation[&lt;lambda&gt;20]" time="0.040" /><testcase classname="src.pymortests.algorithms.ei" name="test_ei_op_creation[&lt;lambda&gt;21]" time="0.034" /><testcase classname="src.pymortests.algorithms.ei" name="test_ei_op_creation[&lt;lambda&gt;22]" time="0.040" /><testcase classname="src.pymortests.algorithms.ei" name="test_ei_op_creation[&lt;lambda&gt;23]" time="0.033" /><testcase classname="src.pymortests.algorithms.ei" name="test_ei_op_creation[&lt;lambda&gt;24]" time="0.040" /><testcase classname="src.pymortests.algorithms.ei" name="test_ei_op_creation[&lt;lambda&gt;25]" time="0.033" /><testcase classname="src.pymortests.algorithms.ei" name="test_ei_op_creation[&lt;lambda&gt;26]" time="0.040" /><testcase classname="src.pymortests.algorithms.ei" name="test_ei_op_creation[&lt;lambda&gt;27]" time="0.033" /><testcase classname="src.pymortests.algorithms.ei" name="test_ei_op_creation[&lt;lambda&gt;28]" time="0.039" /><testcase classname="src.pymortests.algorithms.ei" name="test_ei_op_creation[&lt;lambda&gt;29]" time="0.033" /><testcase classname="src.pymortests.algorithms.ei" name="test_ei_op_creation[&lt;lambda&gt;30]" time="0.039" /><testcase classname="src.pymortests.algorithms.ei" name="test_ei_op_creation[&lt;lambda&gt;31]" time="0.033" /><testcase classname="src.pymortests.algorithms.ei" name="test_ei_op_creation[&lt;lambda&gt;32]" time="0.017" /><testcase classname="src.pymortests.algorithms.ei" name="test_ei_op_creation[&lt;lambda&gt;33]" time="0.016" /><testcase classname="src.pymortests.algorithms.ei" name="test_ei_op_creation[&lt;lambda&gt;34]" time="0.017" /><testcase classname="src.pymortests.algorithms.ei" name="test_ei_op_creation[&lt;lambda&gt;35]" time="0.017" /><testcase classname="src.pymortests.algorithms.ei" name="test_ei_op_creation[&lt;lambda&gt;36]" time="0.017" /><testcase classname="src.pymortests.algorithms.ei" name="test_ei_op_creation[&lt;lambda&gt;37]" time="0.016" /><testcase classname="src.pymortests.algorithms.ei" name="test_ei_op_creation[&lt;lambda&gt;38]" time="0.016" /><testcase classname="src.pymortests.algorithms.ei" name="test_ei_op_creation[&lt;lambda&gt;39]" time="0.016" /><testcase classname="src.pymortests.algorithms.ei" name="test_ei_op_creation[&lt;lambda&gt;40]" time="0.018" /><testcase classname="src.pymortests.algorithms.ei" name="test_ei_op_creation[&lt;lambda&gt;41]" time="0.021" /><testcase classname="src.pymortests.algorithms.ei" name="test_ei_op_creation[&lt;lambda&gt;42]" time="0.018" /><testcase classname="src.pymortests.algorithms.ei" name="test_ei_op_creation[&lt;lambda&gt;43]" time="0.018" /><testcase classname="src.pymortests.algorithms.ei" name="test_ei_op_creation[&lt;lambda&gt;44]" time="0.015" /><testcase classname="src.pymortests.algorithms.ei" name="test_ei_op_creation[&lt;lambda&gt;45]" time="0.015" /><testcase classname="src.pymortests.algorithms.ei" name="test_ei_op_creation[&lt;lambda&gt;46]" time="0.026" /><testcase classname="src.pymortests.algorithms.ei" name="test_ei_rom[&lt;lambda&gt;0]" time="0.112" /><testcase classname="src.pymortests.algorithms.ei" name="test_ei_rom[&lt;lambda&gt;1]" time="0.220" /><testcase classname="src.pymortests.algorithms.eigs" name="test_eigs[None-1-100]" time="0.101" /><testcase classname="src.pymortests.algorithms.eigs" name="test_eigs[None-1-200]" time="0.058" /><testcase classname="src.pymortests.algorithms.eigs" name="test_eigs[None-7-100]" time="0.641" /><testcase classname="src.pymortests.algorithms.eigs" name="test_eigs[None-7-200]" time="0.470" /><testcase classname="src.pymortests.algorithms.eigs" name="test_eigs[0-1-100]" time="0.070" /><testcase classname="src.pymortests.algorithms.eigs" name="test_eigs[0-1-200]" time="0.254" /><testcase classname="src.pymortests.algorithms.eigs" name="test_eigs[0-7-100]" time="0.262" /><testcase classname="src.pymortests.algorithms.eigs" name="test_eigs[0-7-200]" time="0.314" /><testcase classname="src.pymortests.algorithms.gram_schmidt" name="test_gram_schmidt" time="1.883" /><testcase classname="src.pymortests.algorithms.gram_schmidt" name="test_gram_schmidt_with_R" time="1.156" /><testcase classname="src.pymortests.algorithms.gram_schmidt" name="test_gram_schmidt_with_product[&lt;lambda&gt;0]" time="0.048" /><testcase classname="src.pymortests.algorithms.gram_schmidt" name="test_gram_schmidt_with_product[&lt;lambda&gt;1]" time="0.040" /><testcase classname="src.pymortests.algorithms.gram_schmidt" name="test_gram_schmidt_with_product[&lt;lambda&gt;2]" time="0.048" /><testcase classname="src.pymortests.algorithms.gram_schmidt" name="test_gram_schmidt_with_product[&lt;lambda&gt;3]" time="0.040" /><testcase classname="src.pymortests.algorithms.gram_schmidt" name="test_gram_schmidt_with_product[&lt;lambda&gt;4]" time="0.046" /><testcase classname="src.pymortests.algorithms.gram_schmidt" name="test_gram_schmidt_with_product[&lt;lambda&gt;5]" time="0.040" /><testcase classname="src.pymortests.algorithms.gram_schmidt" name="test_gram_schmidt_with_product[&lt;lambda&gt;6]" time="0.047" /><testcase classname="src.pymortests.algorithms.gram_schmidt" name="test_gram_schmidt_with_product[&lt;lambda&gt;7]" time="0.040" /><testcase classname="src.pymortests.algorithms.gram_schmidt" name="test_gram_schmidt_with_product[&lt;lambda&gt;8]" time="0.047" /><testcase classname="src.pymortests.algorithms.gram_schmidt" name="test_gram_schmidt_with_product[&lt;lambda&gt;9]" time="0.040" /><testcase classname="src.pymortests.algorithms.gram_schmidt" name="test_gram_schmidt_with_product[&lt;lambda&gt;10]" time="0.048" /><testcase classname="src.pymortests.algorithms.gram_schmidt" name="test_gram_schmidt_with_product[&lt;lambda&gt;11]" time="0.040" /><testcase classname="src.pymortests.algorithms.gram_schmidt" name="test_gram_schmidt_with_product[&lt;lambda&gt;12]" time="0.048" /><testcase classname="src.pymortests.algorithms.gram_schmidt" name="test_gram_schmidt_with_product[&lt;lambda&gt;13]" time="0.041" /><testcase classname="src.pymortests.algorithms.gram_schmidt" name="test_gram_schmidt_with_product[&lt;lambda&gt;14]" time="0.048" /><testcase classname="src.pymortests.algorithms.gram_schmidt" name="test_gram_schmidt_with_product[&lt;lambda&gt;15]" time="0.042" /><testcase classname="src.pymortests.algorithms.gram_schmidt" name="test_gram_schmidt_with_product[&lt;lambda&gt;16]" time="0.044" /><testcase classname="src.pymortests.algorithms.gram_schmidt" name="test_gram_schmidt_with_product[&lt;lambda&gt;17]" time="0.037" /><testcase classname="src.pymortests.algorithms.gram_schmidt" name="test_gram_schmidt_with_product[&lt;lambda&gt;18]" time="0.048" /><testcase classname="src.pymortests.algorithms.gram_schmidt" name="test_gram_schmidt_with_product[&lt;lambda&gt;19]" time="0.043" /><testcase classname="src.pymortests.algorithms.gram_schmidt" name="test_gram_schmidt_with_product[&lt;lambda&gt;20]" time="0.048" /><testcase classname="src.pymortests.algorithms.gram_schmidt" name="test_gram_schmidt_with_product[&lt;lambda&gt;21]" time="0.042" /><testcase classname="src.pymortests.algorithms.gram_schmidt" name="test_gram_schmidt_with_product[&lt;lambda&gt;22]" time="0.047" /><testcase classname="src.pymortests.algorithms.gram_schmidt" name="test_gram_schmidt_with_product[&lt;lambda&gt;23]" time="0.040" /><testcase classname="src.pymortests.algorithms.gram_schmidt" name="test_gram_schmidt_with_product[&lt;lambda&gt;24]" time="0.022" /><testcase classname="src.pymortests.algorithms.gram_schmidt" name="test_gram_schmidt_with_product[&lt;lambda&gt;25]" time="0.021" /><testcase classname="src.pymortests.algorithms.gram_schmidt" name="test_gram_schmidt_with_product[&lt;lambda&gt;26]" time="0.021" /><testcase classname="src.pymortests.algorithms.gram_schmidt" name="test_gram_schmidt_with_product[&lt;lambda&gt;27]" time="0.020" /><testcase classname="src.pymortests.algorithms.gram_schmidt" name="test_gram_schmidt_with_product[&lt;lambda&gt;28]" time="0.020" /><testcase classname="src.pymortests.algorithms.gram_schmidt" name="test_gram_schmidt_with_product[&lt;lambda&gt;29]" time="0.020" /><testcase classname="src.pymortests.algorithms.gram_schmidt" name="test_gram_schmidt_with_product[&lt;lambda&gt;30]" time="0.019" /><testcase classname="src.pymortests.algorithms.gram_schmidt" name="test_gram_schmidt_with_product[&lt;lambda&gt;31]" time="0.020" /><testcase classname="src.pymortests.algorithms.gram_schmidt" name="test_gram_schmidt_with_product[&lt;lambda&gt;32]" time="0.035" /><testcase classname="src.pymortests.algorithms.gram_schmidt" name="test_gram_schmidt_with_product[&lt;lambda&gt;33]" time="0.032" /><testcase classname="src.pymortests.algorithms.gram_schmidt" name="test_gram_schmidt_with_product[&lt;lambda&gt;34]" time="0.022" /><testcase classname="src.pymortests.algorithms.gram_schmidt" name="test_gram_schmidt_with_product[&lt;lambda&gt;35]" time="0.031" /><testcase classname="src.pymortests.algorithms.gram_schmidt" name="test_gram_schmidt_with_product[&lt;lambda&gt;36]" time="0.018" /><testcase classname="src.pymortests.algorithms.gram_schmidt" name="test_gram_schmidt_with_product[&lt;lambda&gt;37]" time="0.017" /><testcase classname="src.pymortests.algorithms.gram_schmidt" name="test_gram_schmidt_with_product[&lt;lambda&gt;38]" time="0.040" /><testcase classname="src.pymortests.algorithms.gram_schmidt" name="test_gram_schmidt_with_product_and_R[&lt;lambda&gt;0]" time="0.086" /><testcase classname="src.pymortests.algorithms.gram_schmidt" name="test_gram_schmidt_with_product_and_R[&lt;lambda&gt;1]" time="0.042" /><testcase classname="src.pymortests.algorithms.gram_schmidt" name="test_gram_schmidt_with_product_and_R[&lt;lambda&gt;2]" time="0.049" /><testcase classname="src.pymortests.algorithms.gram_schmidt" name="test_gram_schmidt_with_product_and_R[&lt;lambda&gt;3]" time="0.041" /><testcase classname="src.pymortests.algorithms.gram_schmidt" name="test_gram_schmidt_with_product_and_R[&lt;lambda&gt;4]" time="0.047" /><testcase classname="src.pymortests.algorithms.gram_schmidt" name="test_gram_schmidt_with_product_and_R[&lt;lambda&gt;5]" time="0.041" /><testcase classname="src.pymortests.algorithms.gram_schmidt" name="test_gram_schmidt_with_product_and_R[&lt;lambda&gt;6]" time="0.046" /><testcase classname="src.pymortests.algorithms.gram_schmidt" name="test_gram_schmidt_with_product_and_R[&lt;lambda&gt;7]" time="0.040" /><testcase classname="src.pymortests.algorithms.gram_schmidt" name="test_gram_schmidt_with_product_and_R[&lt;lambda&gt;8]" time="0.047" /><testcase classname="src.pymortests.algorithms.gram_schmidt" name="test_gram_schmidt_with_product_and_R[&lt;lambda&gt;9]" time="0.040" /><testcase classname="src.pymortests.algorithms.gram_schmidt" name="test_gram_schmidt_with_product_and_R[&lt;lambda&gt;10]" time="0.047" /><testcase classname="src.pymortests.algorithms.gram_schmidt" name="test_gram_schmidt_with_product_and_R[&lt;lambda&gt;11]" time="0.040" /><testcase classname="src.pymortests.algorithms.gram_schmidt" name="test_gram_schmidt_with_product_and_R[&lt;lambda&gt;12]" time="0.047" /><testcase classname="src.pymortests.algorithms.gram_schmidt" name="test_gram_schmidt_with_product_and_R[&lt;lambda&gt;13]" time="0.041" /><testcase classname="src.pymortests.algorithms.gram_schmidt" name="test_gram_schmidt_with_product_and_R[&lt;lambda&gt;14]" time="0.048" /><testcase classname="src.pymortests.algorithms.gram_schmidt" name="test_gram_schmidt_with_product_and_R[&lt;lambda&gt;15]" time="0.042" /><testcase classname="src.pymortests.algorithms.gram_schmidt" name="test_gram_schmidt_with_product_and_R[&lt;lambda&gt;16]" time="0.043" /><testcase classname="src.pymortests.algorithms.gram_schmidt" name="test_gram_schmidt_with_product_and_R[&lt;lambda&gt;17]" time="0.037" /><testcase classname="src.pymortests.algorithms.gram_schmidt" name="test_gram_schmidt_with_product_and_R[&lt;lambda&gt;18]" time="0.048" /><testcase classname="src.pymortests.algorithms.gram_schmidt" name="test_gram_schmidt_with_product_and_R[&lt;lambda&gt;19]" time="0.042" /><testcase classname="src.pymortests.algorithms.gram_schmidt" name="test_gram_schmidt_with_product_and_R[&lt;lambda&gt;20]" time="0.048" /><testcase classname="src.pymortests.algorithms.gram_schmidt" name="test_gram_schmidt_with_product_and_R[&lt;lambda&gt;21]" time="0.042" /><testcase classname="src.pymortests.algorithms.gram_schmidt" name="test_gram_schmidt_with_product_and_R[&lt;lambda&gt;22]" time="0.047" /><testcase classname="src.pymortests.algorithms.gram_schmidt" name="test_gram_schmidt_with_product_and_R[&lt;lambda&gt;23]" time="0.040" /><testcase classname="src.pymortests.algorithms.gram_schmidt" name="test_gram_schmidt_with_product_and_R[&lt;lambda&gt;24]" time="0.037" /><testcase classname="src.pymortests.algorithms.gram_schmidt" name="test_gram_schmidt_with_product_and_R[&lt;lambda&gt;25]" time="0.044" /><testcase classname="src.pymortests.algorithms.gram_schmidt" name="test_gram_schmidt_with_product_and_R[&lt;lambda&gt;26]" time="0.044" /><testcase classname="src.pymortests.algorithms.gram_schmidt" name="test_gram_schmidt_with_product_and_R[&lt;lambda&gt;27]" time="0.045" /><testcase classname="src.pymortests.algorithms.gram_schmidt" name="test_gram_schmidt_with_product_and_R[&lt;lambda&gt;28]" time="0.037" /><testcase classname="src.pymortests.algorithms.gram_schmidt" name="test_gram_schmidt_with_product_and_R[&lt;lambda&gt;29]" time="0.038" /><testcase classname="src.pymortests.algorithms.gram_schmidt" name="test_gram_schmidt_with_product_and_R[&lt;lambda&gt;30]" time="0.020" /><testcase classname="src.pymortests.algorithms.gram_schmidt" name="test_gram_schmidt_with_product_and_R[&lt;lambda&gt;31]" time="0.020" /><testcase classname="src.pymortests.algorithms.gram_schmidt" name="test_gram_schmidt_with_product_and_R[&lt;lambda&gt;32]" time="0.035" /><testcase classname="src.pymortests.algorithms.gram_schmidt" name="test_gram_schmidt_with_product_and_R[&lt;lambda&gt;33]" time="0.033" /><testcase classname="src.pymortests.algorithms.gram_schmidt" name="test_gram_schmidt_with_product_and_R[&lt;lambda&gt;34]" time="0.022" /><testcase classname="src.pymortests.algorithms.gram_schmidt" name="test_gram_schmidt_with_product_and_R[&lt;lambda&gt;35]" time="0.032" /><testcase classname="src.pymortests.algorithms.gram_schmidt" name="test_gram_schmidt_with_product_and_R[&lt;lambda&gt;36]" time="0.018" /><testcase classname="src.pymortests.algorithms.gram_schmidt" name="test_gram_schmidt_with_product_and_R[&lt;lambda&gt;37]" time="0.017" /><testcase classname="src.pymortests.algorithms.gram_schmidt" name="test_gram_schmidt_with_product_and_R[&lt;lambda&gt;38]" time="0.026" /><testcase classname="src.pymortests.algorithms.gram_schmidt" name="test_gram_schmidt_biorth" time="3.824" /><testcase classname="src.pymortests.algorithms.gram_schmidt" name="test_gram_schmidt_biorth_with_product[&lt;lambda&gt;0]" time="0.046" /><testcase classname="src.pymortests.algorithms.gram_schmidt" name="test_gram_schmidt_biorth_with_product[&lt;lambda&gt;1]" time="0.037" /><testcase classname="src.pymortests.algorithms.gram_schmidt" name="test_gram_schmidt_biorth_with_product[&lt;lambda&gt;2]" time="0.047" /><testcase classname="src.pymortests.algorithms.gram_schmidt" name="test_gram_schmidt_biorth_with_product[&lt;lambda&gt;3]" time="0.038" /><testcase classname="src.pymortests.algorithms.gram_schmidt" name="test_gram_schmidt_biorth_with_product[&lt;lambda&gt;4]" time="0.044" /><testcase classname="src.pymortests.algorithms.gram_schmidt" name="test_gram_schmidt_biorth_with_product[&lt;lambda&gt;5]" time="0.037" /><testcase classname="src.pymortests.algorithms.gram_schmidt" name="test_gram_schmidt_biorth_with_product[&lt;lambda&gt;6]" time="0.044" /><testcase classname="src.pymortests.algorithms.gram_schmidt" name="test_gram_schmidt_biorth_with_product[&lt;lambda&gt;7]" time="0.037" /><testcase classname="src.pymortests.algorithms.gram_schmidt" name="test_gram_schmidt_biorth_with_product[&lt;lambda&gt;8]" time="0.044" /><testcase classname="src.pymortests.algorithms.gram_schmidt" name="test_gram_schmidt_biorth_with_product[&lt;lambda&gt;9]" time="0.036" /><testcase classname="src.pymortests.algorithms.gram_schmidt" name="test_gram_schmidt_biorth_with_product[&lt;lambda&gt;10]" time="0.044" /><testcase classname="src.pymortests.algorithms.gram_schmidt" name="test_gram_schmidt_biorth_with_product[&lt;lambda&gt;11]" time="0.037" /><testcase classname="src.pymortests.algorithms.gram_schmidt" name="test_gram_schmidt_biorth_with_product[&lt;lambda&gt;12]" time="0.044" /><testcase classname="src.pymortests.algorithms.gram_schmidt" name="test_gram_schmidt_biorth_with_product[&lt;lambda&gt;13]" time="0.038" /><testcase classname="src.pymortests.algorithms.gram_schmidt" name="test_gram_schmidt_biorth_with_product[&lt;lambda&gt;14]" time="0.047" /><testcase classname="src.pymortests.algorithms.gram_schmidt" name="test_gram_schmidt_biorth_with_product[&lt;lambda&gt;15]" time="0.040" /><testcase classname="src.pymortests.algorithms.gram_schmidt" name="test_gram_schmidt_biorth_with_product[&lt;lambda&gt;16]" time="0.040" /><testcase classname="src.pymortests.algorithms.gram_schmidt" name="test_gram_schmidt_biorth_with_product[&lt;lambda&gt;17]" time="0.033" /><testcase classname="src.pymortests.algorithms.gram_schmidt" name="test_gram_schmidt_biorth_with_product[&lt;lambda&gt;18]" time="0.046" /><testcase classname="src.pymortests.algorithms.gram_schmidt" name="test_gram_schmidt_biorth_with_product[&lt;lambda&gt;19]" time="0.039" /><testcase classname="src.pymortests.algorithms.gram_schmidt" name="test_gram_schmidt_biorth_with_product[&lt;lambda&gt;20]" time="0.046" /><testcase classname="src.pymortests.algorithms.gram_schmidt" name="test_gram_schmidt_biorth_with_product[&lt;lambda&gt;21]" time="0.039" /><testcase classname="src.pymortests.algorithms.gram_schmidt" name="test_gram_schmidt_biorth_with_product[&lt;lambda&gt;22]" time="0.044" /><testcase classname="src.pymortests.algorithms.gram_schmidt" name="test_gram_schmidt_biorth_with_product[&lt;lambda&gt;23]" time="0.037" /><testcase classname="src.pymortests.algorithms.gram_schmidt" name="test_gram_schmidt_biorth_with_product[&lt;lambda&gt;24]" time="0.022" /><testcase classname="src.pymortests.algorithms.gram_schmidt" name="test_gram_schmidt_biorth_with_product[&lt;lambda&gt;25]" time="0.021" /><testcase classname="src.pymortests.algorithms.gram_schmidt" name="test_gram_schmidt_biorth_with_product[&lt;lambda&gt;26]" time="0.021" /><testcase classname="src.pymortests.algorithms.gram_schmidt" name="test_gram_schmidt_biorth_with_product[&lt;lambda&gt;27]" time="0.019" /><testcase classname="src.pymortests.algorithms.gram_schmidt" name="test_gram_schmidt_biorth_with_product[&lt;lambda&gt;28]" time="0.019" /><testcase classname="src.pymortests.algorithms.gram_schmidt" name="test_gram_schmidt_biorth_with_product[&lt;lambda&gt;29]" time="0.019" /><testcase classname="src.pymortests.algorithms.gram_schmidt" name="test_gram_schmidt_biorth_with_product[&lt;lambda&gt;30]" time="0.019" /><testcase classname="src.pymortests.algorithms.gram_schmidt" name="test_gram_schmidt_biorth_with_product[&lt;lambda&gt;31]" time="0.018" /><testcase classname="src.pymortests.algorithms.gram_schmidt" name="test_gram_schmidt_biorth_with_product[&lt;lambda&gt;32]" time="0.029" /><testcase classname="src.pymortests.algorithms.gram_schmidt" name="test_gram_schmidt_biorth_with_product[&lt;lambda&gt;33]" time="0.030" /><testcase classname="src.pymortests.algorithms.gram_schmidt" name="test_gram_schmidt_biorth_with_product[&lt;lambda&gt;34]" time="0.022" /><testcase classname="src.pymortests.algorithms.gram_schmidt" name="test_gram_schmidt_biorth_with_product[&lt;lambda&gt;35]" time="0.027" /><testcase classname="src.pymortests.algorithms.gram_schmidt" name="test_gram_schmidt_biorth_with_product[&lt;lambda&gt;36]" time="0.016" /><testcase classname="src.pymortests.algorithms.gram_schmidt" name="test_gram_schmidt_biorth_with_product[&lt;lambda&gt;37]" time="0.015" /><testcase classname="src.pymortests.algorithms.gram_schmidt" name="test_gram_schmidt_biorth_with_product[&lt;lambda&gt;38]" time="0.025" /><testcase classname="src.pymortests.algorithms.lyapunov" name="test_cont_lrcf[10-scipy-False-False-1]" time="0.016"><skipped type="pytest.skip" message="skipped test due to missing dependency PYMESS">/home/runner/work/pymor/pymor/src/pymortests/base.py:122: skipped test due to missing dependency PYMESS</skipped></testcase><testcase classname="src.pymortests.algorithms.lyapunov" name="test_cont_lrcf[10-scipy-False-False-2]" time="0.016"><skipped type="pytest.skip" message="skipped test due to missing dependency PYMESS">/home/runner/work/pymor/pymor/src/pymortests/base.py:122: skipped test due to missing dependency PYMESS</skipped></testcase><testcase classname="src.pymortests.algorithms.lyapunov" name="test_cont_lrcf[10-scipy-False-True-1]" time="0.016"><skipped type="pytest.skip" message="skipped test due to missing dependency PYMESS">/home/runner/work/pymor/pymor/src/pymortests/base.py:122: skipped test due to missing dependency PYMESS</skipped></testcase><testcase classname="src.pymortests.algorithms.lyapunov" name="test_cont_lrcf[10-scipy-False-True-2]" time="0.016"><skipped type="pytest.skip" message="skipped test due to missing dependency PYMESS">/home/runner/work/pymor/pymor/src/pymortests/base.py:122: skipped test due to missing dependency PYMESS</skipped></testcase><testcase classname="src.pymortests.algorithms.lyapunov" name="test_cont_lrcf[10-scipy-True-False-1]" time="0.016"><skipped type="pytest.skip" message="skipped test due to missing dependency PYMESS">/home/runner/work/pymor/pymor/src/pymortests/base.py:122: skipped test due to missing dependency PYMESS</skipped></testcase><testcase classname="src.pymortests.algorithms.lyapunov" name="test_cont_lrcf[10-scipy-True-False-2]" time="0.016"><skipped type="pytest.skip" message="skipped test due to missing dependency PYMESS">/home/runner/work/pymor/pymor/src/pymortests/base.py:122: skipped test due to missing dependency PYMESS</skipped></testcase><testcase classname="src.pymortests.algorithms.lyapunov" name="test_cont_lrcf[10-scipy-True-True-1]" time="0.016"><skipped type="pytest.skip" message="skipped test due to missing dependency PYMESS">/home/runner/work/pymor/pymor/src/pymortests/base.py:122: skipped test due to missing dependency PYMESS</skipped></testcase><testcase classname="src.pymortests.algorithms.lyapunov" name="test_cont_lrcf[10-scipy-True-True-2]" time="0.015"><skipped type="pytest.skip" message="skipped test due to missing dependency PYMESS">/home/runner/work/pymor/pymor/src/pymortests/base.py:122: skipped test due to missing dependency PYMESS</skipped></testcase><testcase classname="src.pymortests.algorithms.lyapunov" name="test_cont_lrcf[10-slycot_bartels-stewart-False-False-1]" time="0.016"><skipped type="pytest.skip" message="skipped test due to missing dependency PYMESS">/home/runner/work/pymor/pymor/src/pymortests/base.py:122: skipped test due to missing dependency PYMESS</skipped></testcase><testcase classname="src.pymortests.algorithms.lyapunov" name="test_cont_lrcf[10-slycot_bartels-stewart-False-False-2]" time="0.016"><skipped type="pytest.skip" message="skipped test due to missing dependency PYMESS">/home/runner/work/pymor/pymor/src/pymortests/base.py:122: skipped test due to missing dependency PYMESS</skipped></testcase><testcase classname="src.pymortests.algorithms.lyapunov" name="test_cont_lrcf[10-slycot_bartels-stewart-False-True-1]" time="0.016"><skipped type="pytest.skip" message="skipped test due to missing dependency PYMESS">/home/runner/work/pymor/pymor/src/pymortests/base.py:122: skipped test due to missing dependency PYMESS</skipped></testcase><testcase classname="src.pymortests.algorithms.lyapunov" name="test_cont_lrcf[10-slycot_bartels-stewart-False-True-2]" time="0.016"><skipped type="pytest.skip" message="skipped test due to missing dependency PYMESS">/home/runner/work/pymor/pymor/src/pymortests/base.py:122: skipped test due to missing dependency PYMESS</skipped></testcase><testcase classname="src.pymortests.algorithms.lyapunov" name="test_cont_lrcf[10-slycot_bartels-stewart-True-False-1]" time="0.016"><skipped type="pytest.skip" message="skipped test due to missing dependency PYMESS">/home/runner/work/pymor/pymor/src/pymortests/base.py:122: skipped test due to missing dependency PYMESS</skipped></testcase><testcase classname="src.pymortests.algorithms.lyapunov" name="test_cont_lrcf[10-slycot_bartels-stewart-True-False-2]" time="0.016"><skipped type="pytest.skip" message="skipped test due to missing dependency PYMESS">/home/runner/work/pymor/pymor/src/pymortests/base.py:122: skipped test due to missing dependency PYMESS</skipped></testcase><testcase classname="src.pymortests.algorithms.lyapunov" name="test_cont_lrcf[10-slycot_bartels-stewart-True-True-1]" time="0.016"><skipped type="pytest.skip" message="skipped test due to missing dependency PYMESS">/home/runner/work/pymor/pymor/src/pymortests/base.py:122: skipped test due to missing dependency PYMESS</skipped></testcase><testcase classname="src.pymortests.algorithms.lyapunov" name="test_cont_lrcf[10-slycot_bartels-stewart-True-True-2]" time="0.016"><skipped type="pytest.skip" message="skipped test due to missing dependency PYMESS">/home/runner/work/pymor/pymor/src/pymortests/base.py:122: skipped test due to missing dependency PYMESS</skipped></testcase><testcase classname="src.pymortests.algorithms.lyapunov" name="test_cont_lrcf[10-pymess_glyap-False-False-1]" time="0.016"><skipped type="pytest.skip" message="skipped test due to missing dependency PYMESS">/home/runner/work/pymor/pymor/src/pymortests/base.py:122: skipped test due to missing dependency PYMESS</skipped></testcase><testcase classname="src.pymortests.algorithms.lyapunov" name="test_cont_lrcf[10-pymess_glyap-False-False-2]" time="0.016"><skipped type="pytest.skip" message="skipped test due to missing dependency PYMESS">/home/runner/work/pymor/pymor/src/pymortests/base.py:122: skipped test due to missing dependency PYMESS</skipped></testcase><testcase classname="src.pymortests.algorithms.lyapunov" name="test_cont_lrcf[10-pymess_glyap-False-True-1]" time="0.016"><skipped type="pytest.skip" message="skipped test due to missing dependency PYMESS">/home/runner/work/pymor/pymor/src/pymortests/base.py:122: skipped test due to missing dependency PYMESS</skipped></testcase><testcase classname="src.pymortests.algorithms.lyapunov" name="test_cont_lrcf[10-pymess_glyap-False-True-2]" time="0.016"><skipped type="pytest.skip" message="skipped test due to missing dependency PYMESS">/home/runner/work/pymor/pymor/src/pymortests/base.py:122: skipped test due to missing dependency PYMESS</skipped></testcase><testcase classname="src.pymortests.algorithms.lyapunov" name="test_cont_lrcf[10-pymess_glyap-True-False-1]" time="0.015"><skipped type="pytest.skip" message="skipped test due to missing dependency PYMESS">/home/runner/work/pymor/pymor/src/pymortests/base.py:122: skipped test due to missing dependency PYMESS</skipped></testcase><testcase classname="src.pymortests.algorithms.lyapunov" name="test_cont_lrcf[10-pymess_glyap-True-False-2]" time="0.016"><skipped type="pytest.skip" message="skipped test due to missing dependency PYMESS">/home/runner/work/pymor/pymor/src/pymortests/base.py:122: skipped test due to missing dependency PYMESS</skipped></testcase><testcase classname="src.pymortests.algorithms.lyapunov" name="test_cont_lrcf[10-pymess_glyap-True-True-1]" time="0.016"><skipped type="pytest.skip" message="skipped test due to missing dependency PYMESS">/home/runner/work/pymor/pymor/src/pymortests/base.py:122: skipped test due to missing dependency PYMESS</skipped></testcase><testcase classname="src.pymortests.algorithms.lyapunov" name="test_cont_lrcf[10-pymess_glyap-True-True-2]" time="0.015"><skipped type="pytest.skip" message="skipped test due to missing dependency PYMESS">/home/runner/work/pymor/pymor/src/pymortests/base.py:122: skipped test due to missing dependency PYMESS</skipped></testcase><testcase classname="src.pymortests.algorithms.lyapunov" name="test_cont_lrcf[20-scipy-False-False-1]" time="0.016"><skipped type="pytest.skip" message="skipped test due to missing dependency PYMESS">/home/runner/work/pymor/pymor/src/pymortests/base.py:122: skipped test due to missing dependency PYMESS</skipped></testcase><testcase classname="src.pymortests.algorithms.lyapunov" name="test_cont_lrcf[20-scipy-False-False-2]" time="0.016"><skipped type="pytest.skip" message="skipped test due to missing dependency PYMESS">/home/runner/work/pymor/pymor/src/pymortests/base.py:122: skipped test due to missing dependency PYMESS</skipped></testcase><testcase classname="src.pymortests.algorithms.lyapunov" name="test_cont_lrcf[20-scipy-False-True-1]" time="0.016"><skipped type="pytest.skip" message="skipped test due to missing dependency PYMESS">/home/runner/work/pymor/pymor/src/pymortests/base.py:122: skipped test due to missing dependency PYMESS</skipped></testcase><testcase classname="src.pymortests.algorithms.lyapunov" name="test_cont_lrcf[20-scipy-False-True-2]" time="0.015"><skipped type="pytest.skip" message="skipped test due to missing dependency PYMESS">/home/runner/work/pymor/pymor/src/pymortests/base.py:122: skipped test due to missing dependency PYMESS</skipped></testcase><testcase classname="src.pymortests.algorithms.lyapunov" name="test_cont_lrcf[20-scipy-True-False-1]" time="0.015"><skipped type="pytest.skip" message="skipped test due to missing dependency PYMESS">/home/runner/work/pymor/pymor/src/pymortests/base.py:122: skipped test due to missing dependency PYMESS</skipped></testcase><testcase classname="src.pymortests.algorithms.lyapunov" name="test_cont_lrcf[20-scipy-True-False-2]" time="0.015"><skipped type="pytest.skip" message="skipped test due to missing dependency PYMESS">/home/runner/work/pymor/pymor/src/pymortests/base.py:122: skipped test due to missing dependency PYMESS</skipped></testcase><testcase classname="src.pymortests.algorithms.lyapunov" name="test_cont_lrcf[20-scipy-True-True-1]" time="0.016"><skipped type="pytest.skip" message="skipped test due to missing dependency PYMESS">/home/runner/work/pymor/pymor/src/pymortests/base.py:122: skipped test due to missing dependency PYMESS</skipped></testcase><testcase classname="src.pymortests.algorithms.lyapunov" name="test_cont_lrcf[20-scipy-True-True-2]" time="0.016"><skipped type="pytest.skip" message="skipped test due to missing dependency PYMESS">/home/runner/work/pymor/pymor/src/pymortests/base.py:122: skipped test due to missing dependency PYMESS</skipped></testcase><testcase classname="src.pymortests.algorithms.lyapunov" name="test_cont_lrcf[20-slycot_bartels-stewart-False-False-1]" time="0.015"><skipped type="pytest.skip" message="skipped test due to missing dependency PYMESS">/home/runner/work/pymor/pymor/src/pymortests/base.py:122: skipped test due to missing dependency PYMESS</skipped></testcase><testcase classname="src.pymortests.algorithms.lyapunov" name="test_cont_lrcf[20-slycot_bartels-stewart-False-False-2]" time="0.016"><skipped type="pytest.skip" message="skipped test due to missing dependency PYMESS">/home/runner/work/pymor/pymor/src/pymortests/base.py:122: skipped test due to missing dependency PYMESS</skipped></testcase><testcase classname="src.pymortests.algorithms.lyapunov" name="test_cont_lrcf[20-slycot_bartels-stewart-False-True-1]" time="0.016"><skipped type="pytest.skip" message="skipped test due to missing dependency PYMESS">/home/runner/work/pymor/pymor/src/pymortests/base.py:122: skipped test due to missing dependency PYMESS</skipped></testcase><testcase classname="src.pymortests.algorithms.lyapunov" name="test_cont_lrcf[20-slycot_bartels-stewart-False-True-2]" time="0.015"><skipped type="pytest.skip" message="skipped test due to missing dependency PYMESS">/home/runner/work/pymor/pymor/src/pymortests/base.py:122: skipped test due to missing dependency PYMESS</skipped></testcase><testcase classname="src.pymortests.algorithms.lyapunov" name="test_cont_lrcf[20-slycot_bartels-stewart-True-False-1]" time="0.015"><skipped type="pytest.skip" message="skipped test due to missing dependency PYMESS">/home/runner/work/pymor/pymor/src/pymortests/base.py:122: skipped test due to missing dependency PYMESS</skipped></testcase><testcase classname="src.pymortests.algorithms.lyapunov" name="test_cont_lrcf[20-slycot_bartels-stewart-True-False-2]" time="0.015"><skipped type="pytest.skip" message="skipped test due to missing dependency PYMESS">/home/runner/work/pymor/pymor/src/pymortests/base.py:122: skipped test due to missing dependency PYMESS</skipped></testcase><testcase classname="src.pymortests.algorithms.lyapunov" name="test_cont_lrcf[20-slycot_bartels-stewart-True-True-1]" time="0.016"><skipped type="pytest.skip" message="skipped test due to missing dependency PYMESS">/home/runner/work/pymor/pymor/src/pymortests/base.py:122: skipped test due to missing dependency PYMESS</skipped></testcase><testcase classname="src.pymortests.algorithms.lyapunov" name="test_cont_lrcf[20-slycot_bartels-stewart-True-True-2]" time="0.015"><skipped type="pytest.skip" message="skipped test due to missing dependency PYMESS">/home/runner/work/pymor/pymor/src/pymortests/base.py:122: skipped test due to missing dependency PYMESS</skipped></testcase><testcase classname="src.pymortests.algorithms.lyapunov" name="test_cont_lrcf[20-pymess_glyap-False-False-1]" time="0.015"><skipped type="pytest.skip" message="skipped test due to missing dependency PYMESS">/home/runner/work/pymor/pymor/src/pymortests/base.py:122: skipped test due to missing dependency PYMESS</skipped></testcase><testcase classname="src.pymortests.algorithms.lyapunov" name="test_cont_lrcf[20-pymess_glyap-False-False-2]" time="0.015"><skipped type="pytest.skip" message="skipped test due to missing dependency PYMESS">/home/runner/work/pymor/pymor/src/pymortests/base.py:122: skipped test due to missing dependency PYMESS</skipped></testcase><testcase classname="src.pymortests.algorithms.lyapunov" name="test_cont_lrcf[20-pymess_glyap-False-True-1]" time="0.015"><skipped type="pytest.skip" message="skipped test due to missing dependency PYMESS">/home/runner/work/pymor/pymor/src/pymortests/base.py:122: skipped test due to missing dependency PYMESS</skipped></testcase><testcase classname="src.pymortests.algorithms.lyapunov" name="test
[...]
" name="test_InverseOperator[&lt;lambda&gt;9]" time="0.039" /><testcase classname="src.pymortests.operators.operators" name="test_InverseOperator[&lt;lambda&gt;10]" time="0.043" /><testcase classname="src.pymortests.operators.operators" name="test_InverseOperator[&lt;lambda&gt;11]" time="0.036" /><testcase classname="src.pymortests.operators.operators" name="test_InverseOperator[&lt;lambda&gt;12]" time="0.049" /><testcase classname="src.pymortests.operators.operators" name="test_InverseOperator[&lt;lambda&gt;13]" time="0.040" /><testcase classname="src.pymortests.operators.operators" name="test_InverseOperator[&lt;lambda&gt;14]" time="0.041" /><testcase classname="src.pymortests.operators.operators" name="test_InverseOperator[&lt;lambda&gt;15]" time="0.034" /><testcase classname="src.pymortests.operators.operators" name="test_InverseOperator[&lt;lambda&gt;16]" time="0.041" /><testcase classname="src.pymortests.operators.operators" name="test_InverseOperator[&lt;lambda&gt;17]" time="0.034" /><testcase classname="src.pymortests.operators.operators" name="test_InverseOperator[&lt;lambda&gt;18]" time="0.040" /><testcase classname="src.pymortests.operators.operators" name="test_InverseOperator[&lt;lambda&gt;19]" time="0.034" /><testcase classname="src.pymortests.operators.operators" name="test_InverseOperator[&lt;lambda&gt;20]" time="0.041" /><testcase classname="src.pymortests.operators.operators" name="test_InverseOperator[&lt;lambda&gt;21]" time="0.034" /><testcase classname="src.pymortests.operators.operators" name="test_InverseOperator[&lt;lambda&gt;22]" time="0.040" /><testcase classname="src.pymortests.operators.operators" name="test_InverseOperator[&lt;lambda&gt;23]" time="0.033" /><testcase classname="src.pymortests.operators.operators" name="test_InverseOperator[&lt;lambda&gt;24]" time="0.040" /><testcase classname="src.pymortests.operators.operators" name="test_InverseOperator[&lt;lambda&gt;25]" time="0.034" /><testcase classname="src.pymortests.operators.operators" name="test_InverseOperator[&lt;lambda&gt;26]" time="0.041" /><testcase classname="src.pymortests.operators.operators" name="test_InverseOperator[&lt;lambda&gt;27]" time="0.034" /><testcase classname="src.pymortests.operators.operators" name="test_InverseOperator[&lt;lambda&gt;28]" time="0.041" /><testcase classname="src.pymortests.operators.operators" name="test_InverseOperator[&lt;lambda&gt;29]" time="0.034" /><testcase classname="src.pymortests.operators.operators" name="test_InverseOperator[&lt;lambda&gt;30]" time="0.048" /><testcase classname="src.pymortests.operators.operators" name="test_InverseOperator[&lt;lambda&gt;31]" time="0.038" /><testcase classname="src.pymortests.operators.operators" name="test_InverseOperator[&lt;lambda&gt;32]" time="0.023" /><testcase classname="src.pymortests.operators.operators" name="test_InverseOperator[&lt;lambda&gt;33]" time="0.019" /><testcase classname="src.pymortests.operators.operators" name="test_InverseOperator[&lt;lambda&gt;34]" time="0.019" /><testcase classname="src.pymortests.operators.operators" name="test_InverseOperator[&lt;lambda&gt;35]" time="0.018" /><testcase classname="src.pymortests.operators.operators" name="test_InverseOperator[&lt;lambda&gt;36]" time="0.019" /><testcase classname="src.pymortests.operators.operators" name="test_InverseOperator[&lt;lambda&gt;37]" time="0.019" /><testcase classname="src.pymortests.operators.operators" name="test_InverseOperator[&lt;lambda&gt;38]" time="0.019" /><testcase classname="src.pymortests.operators.operators" name="test_InverseOperator[&lt;lambda&gt;39]" time="0.019" /><testcase classname="src.pymortests.operators.operators" name="test_InverseOperator[&lt;lambda&gt;40]" time="0.023" /><testcase classname="src.pymortests.operators.operators" name="test_InverseOperator[&lt;lambda&gt;41]" time="0.033" /><testcase classname="src.pymortests.operators.operators" name="test_InverseOperator[&lt;lambda&gt;42]" time="0.022" /><testcase classname="src.pymortests.operators.operators" name="test_InverseOperator[&lt;lambda&gt;43]" time="0.022" /><testcase classname="src.pymortests.operators.operators" name="test_InverseOperator[&lt;lambda&gt;44]" time="0.018" /><testcase classname="src.pymortests.operators.operators" name="test_InverseOperator[&lt;lambda&gt;45]" time="0.019" /><testcase classname="src.pymortests.operators.operators" name="test_InverseOperator[&lt;lambda&gt;46]" time="0.023" /><testcase classname="src.pymortests.operators.operators" name="test_InverseAdjointOperator[&lt;lambda&gt;0]" time="0.017" /><testcase classname="src.pymortests.operators.operators" name="test_InverseAdjointOperator[&lt;lambda&gt;1]" time="0.017" /><testcase classname="src.pymortests.operators.operators" name="test_InverseAdjointOperator[&lt;lambda&gt;2]" time="0.017" /><testcase classname="src.pymortests.operators.operators" name="test_InverseAdjointOperator[&lt;lambda&gt;3]" time="0.024" /><testcase classname="src.pymortests.operators.operators" name="test_InverseAdjointOperator[&lt;lambda&gt;4]" time="0.025" /><testcase classname="src.pymortests.operators.operators" name="test_InverseAdjointOperator[&lt;lambda&gt;5]" time="0.017" /><testcase classname="src.pymortests.operators.operators" name="test_InverseAdjointOperator[&lt;lambda&gt;6]" time="0.017" /><testcase classname="src.pymortests.operators.operators" name="test_InverseAdjointOperator[&lt;lambda&gt;7]" time="0.019" /><testcase classname="src.pymortests.operators.operators" name="test_InverseAdjointOperator[&lt;lambda&gt;8]" time="0.053" /><testcase classname="src.pymortests.operators.operators" name="test_InverseAdjointOperator[&lt;lambda&gt;9]" time="0.039" /><testcase classname="src.pymortests.operators.operators" name="test_InverseAdjointOperator[&lt;lambda&gt;10]" time="0.043" /><testcase classname="src.pymortests.operators.operators" name="test_InverseAdjointOperator[&lt;lambda&gt;11]" time="0.036" /><testcase classname="src.pymortests.operators.operators" name="test_InverseAdjointOperator[&lt;lambda&gt;12]" time="0.049" /><testcase classname="src.pymortests.operators.operators" name="test_InverseAdjointOperator[&lt;lambda&gt;13]" time="0.040" /><testcase classname="src.pymortests.operators.operators" name="test_InverseAdjointOperator[&lt;lambda&gt;14]" time="0.040" /><testcase classname="src.pymortests.operators.operators" name="test_InverseAdjointOperator[&lt;lambda&gt;15]" time="0.034" /><testcase classname="src.pymortests.operators.operators" name="test_InverseAdjointOperator[&lt;lambda&gt;16]" time="0.040" /><testcase classname="src.pymortests.operators.operators" name="test_InverseAdjointOperator[&lt;lambda&gt;17]" time="0.033" /><testcase classname="src.pymortests.operators.operators" name="test_InverseAdjointOperator[&lt;lambda&gt;18]" time="0.040" /><testcase classname="src.pymortests.operators.operators" name="test_InverseAdjointOperator[&lt;lambda&gt;19]" time="0.033" /><testcase classname="src.pymortests.operators.operators" name="test_InverseAdjointOperator[&lt;lambda&gt;20]" time="0.040" /><testcase classname="src.pymortests.operators.operators" name="test_InverseAdjointOperator[&lt;lambda&gt;21]" time="0.033" /><testcase classname="src.pymortests.operators.operators" name="test_InverseAdjointOperator[&lt;lambda&gt;22]" time="0.040" /><testcase classname="src.pymortests.operators.operators" name="test_InverseAdjointOperator[&lt;lambda&gt;23]" time="0.034" /><testcase classname="src.pymortests.operators.operators" name="test_InverseAdjointOperator[&lt;lambda&gt;24]" time="0.040" /><testcase classname="src.pymortests.operators.operators" name="test_InverseAdjointOperator[&lt;lambda&gt;25]" time="0.034" /><testcase classname="src.pymortests.operators.operators" name="test_InverseAdjointOperator[&lt;lambda&gt;26]" time="0.040" /><testcase classname="src.pymortests.operators.operators" name="test_InverseAdjointOperator[&lt;lambda&gt;27]" time="0.034" /><testcase classname="src.pymortests.operators.operators" name="test_InverseAdjointOperator[&lt;lambda&gt;28]" time="0.041" /><testcase classname="src.pymortests.operators.operators" name="test_InverseAdjointOperator[&lt;lambda&gt;29]" time="0.035" /><testcase classname="src.pymortests.operators.operators" name="test_InverseAdjointOperator[&lt;lambda&gt;30]" time="0.049" /><testcase classname="src.pymortests.operators.operators" name="test_InverseAdjointOperator[&lt;lambda&gt;31]" time="0.039" /><testcase classname="src.pymortests.operators.operators" name="test_InverseAdjointOperator[&lt;lambda&gt;32]" time="0.024" /><testcase classname="src.pymortests.operators.operators" name="test_InverseAdjointOperator[&lt;lambda&gt;33]" time="0.019" /><testcase classname="src.pymortests.operators.operators" name="test_InverseAdjointOperator[&lt;lambda&gt;34]" time="0.019" /><testcase classname="src.pymortests.operators.operators" name="test_InverseAdjointOperator[&lt;lambda&gt;35]" time="0.018" /><testcase classname="src.pymortests.operators.operators" name="test_InverseAdjointOperator[&lt;lambda&gt;36]" time="0.019" /><testcase classname="src.pymortests.operators.operators" name="test_InverseAdjointOperator[&lt;lambda&gt;37]" time="0.019" /><testcase classname="src.pymortests.operators.operators" name="test_InverseAdjointOperator[&lt;lambda&gt;38]" time="0.019" /><testcase classname="src.pymortests.operators.operators" name="test_InverseAdjointOperator[&lt;lambda&gt;39]" time="0.019" /><testcase classname="src.pymortests.operators.operators" name="test_InverseAdjointOperator[&lt;lambda&gt;40]" time="0.023" /><testcase classname="src.pymortests.operators.operators" name="test_InverseAdjointOperator[&lt;lambda&gt;41]" time="0.032" /><testcase classname="src.pymortests.operators.operators" name="test_InverseAdjointOperator[&lt;lambda&gt;42]" time="0.022" /><testcase classname="src.pymortests.operators.operators" name="test_InverseAdjointOperator[&lt;lambda&gt;43]" time="0.022" /><testcase classname="src.pymortests.operators.operators" name="test_InverseAdjointOperator[&lt;lambda&gt;44]" time="0.018" /><testcase classname="src.pymortests.operators.operators" name="test_InverseAdjointOperator[&lt;lambda&gt;45]" time="0.020" /><testcase classname="src.pymortests.operators.operators" name="test_InverseAdjointOperator[&lt;lambda&gt;46]" time="0.023" /><testcase classname="src.pymortests.operators.operators" name="test_vectorarray_op_apply_inverse" time="0.018" /><testcase classname="src.pymortests.operators.operators" name="test_vectorarray_op_apply_inverse_lstsq" time="0.017" /><testcase classname="src.pymortests.operators.operators" name="test_adjoint_vectorarray_op_apply_inverse_lstsq" time="0.017" /><testcase classname="src.pymortests.operators.operators" name="test_as_range_array[&lt;lambda&gt;0]" time="0.017" /><testcase classname="src.pymortests.operators.operators" name="test_as_range_array[&lt;lambda&gt;1]" time="0.023" /><testcase classname="src.pymortests.operators.operators" name="test_as_range_array[&lt;lambda&gt;2]" time="0.016" /><testcase classname="src.pymortests.operators.operators" name="test_as_range_array[&lt;lambda&gt;3]" time="0.016" /><testcase classname="src.pymortests.operators.operators" name="test_as_range_array[&lt;lambda&gt;4]" time="0.016" /><testcase classname="src.pymortests.operators.operators" name="test_as_range_array[&lt;lambda&gt;5]" time="0.016" /><testcase classname="src.pymortests.operators.operators" name="test_as_range_array[&lt;lambda&gt;6]" time="0.016" /><testcase classname="src.pymortests.operators.operators" name="test_as_range_array[&lt;lambda&gt;7]" time="0.016" /><testcase classname="src.pymortests.operators.operators" name="test_as_range_array[&lt;lambda&gt;8]" time="0.042" /><testcase classname="src.pymortests.operators.operators" name="test_as_range_array[&lt;lambda&gt;9]" time="0.033" /><testcase classname="src.pymortests.operators.operators" name="test_as_range_array[&lt;lambda&gt;10]" time="0.041" /><testcase classname="src.pymortests.operators.operators" name="test_as_range_array[&lt;lambda&gt;11]" time="0.034" /><testcase classname="src.pymortests.operators.operators" name="test_as_range_array[&lt;lambda&gt;12]" time="0.041" /><testcase classname="src.pymortests.operators.operators" name="test_as_range_array[&lt;lambda&gt;13]" time="0.034" /><testcase classname="src.pymortests.operators.operators" name="test_as_range_array[&lt;lambda&gt;14]" time="0.040" /><testcase classname="src.pymortests.operators.operators" name="test_as_range_array[&lt;lambda&gt;15]" time="0.033" /><testcase classname="src.pymortests.operators.operators" name="test_as_range_array[&lt;lambda&gt;16]" time="0.040" /><testcase classname="src.pymortests.operators.operators" name="test_as_range_array[&lt;lambda&gt;17]" time="0.033" /><testcase classname="src.pymortests.operators.operators" name="test_as_range_array[&lt;lambda&gt;18]" time="0.039" /><testcase classname="src.pymortests.operators.operators" name="test_as_range_array[&lt;lambda&gt;19]" time="0.033" /><testcase classname="src.pymortests.operators.operators" name="test_as_range_array[&lt;lambda&gt;20]" time="0.040" /><testcase classname="src.pymortests.operators.operators" name="test_as_range_array[&lt;lambda&gt;21]" time="0.033" /><testcase classname="src.pymortests.operators.operators" name="test_as_range_array[&lt;lambda&gt;22]" time="0.040" /><testcase classname="src.pymortests.operators.operators" name="test_as_range_array[&lt;lambda&gt;23]" time="0.033" /><testcase classname="src.pymortests.operators.operators" name="test_as_range_array[&lt;lambda&gt;24]" time="0.040" /><testcase classname="src.pymortests.operators.operators" name="test_as_range_array[&lt;lambda&gt;25]" time="0.033" /><testcase classname="src.pymortests.operators.operators" name="test_as_range_array[&lt;lambda&gt;26]" time="0.040" /><testcase classname="src.pymortests.operators.operators" name="test_as_range_array[&lt;lambda&gt;27]" time="0.033" /><testcase classname="src.pymortests.operators.operators" name="test_as_range_array[&lt;lambda&gt;28]" time="0.040" /><testcase classname="src.pymortests.operators.operators" name="test_as_range_array[&lt;lambda&gt;29]" time="0.033" /><testcase classname="src.pymortests.operators.operators" name="test_as_range_array[&lt;lambda&gt;30]" time="0.040" /><testcase classname="src.pymortests.operators.operators" name="test_as_range_array[&lt;lambda&gt;31]" time="0.033" /><testcase classname="src.pymortests.operators.operators" name="test_as_range_array[&lt;lambda&gt;32]" time="0.018" /><testcase classname="src.pymortests.operators.operators" name="test_as_range_array[&lt;lambda&gt;33]" time="0.017" /><testcase classname="src.pymortests.operators.operators" name="test_as_range_array[&lt;lambda&gt;34]" time="0.017" /><testcase classname="src.pymortests.operators.operators" name="test_as_range_array[&lt;lambda&gt;35]" time="0.018" /><testcase classname="src.pymortests.operators.operators" name="test_as_range_array[&lt;lambda&gt;36]" time="0.018" /><testcase classname="src.pymortests.operators.operators" name="test_as_range_array[&lt;lambda&gt;37]" time="0.017" /><testcase classname="src.pymortests.operators.operators" name="test_as_range_array[&lt;lambda&gt;38]" time="0.017" /><testcase classname="src.pymortests.operators.operators" name="test_as_range_array[&lt;lambda&gt;39]" time="0.017" /><testcase classname="src.pymortests.operators.operators" name="test_as_range_array[&lt;lambda&gt;40]" time="0.018" /><testcase classname="src.pymortests.operators.operators" name="test_as_range_array[&lt;lambda&gt;41]" time="0.020" /><testcase classname="src.pymortests.operators.operators" name="test_as_range_array[&lt;lambda&gt;42]" time="0.019" /><testcase classname="src.pymortests.operators.operators" name="test_as_range_array[&lt;lambda&gt;43]" time="0.018" /><testcase classname="src.pymortests.operators.operators" name="test_as_range_array[&lt;lambda&gt;44]" time="0.016" /><testcase classname="src.pymortests.operators.operators" name="test_as_range_array[&lt;lambda&gt;45]" time="0.017" /><testcase classname="src.pymortests.operators.operators" name="test_as_range_array[&lt;lambda&gt;46]" time="0.022" /><testcase classname="src.pymortests.operators.operators" name="test_issue_1276" time="0.017" /><testcase classname="src.pymortests.operators.operators" name="test_hankel_operator[False]" time="0.020" /><testcase classname="src.pymortests.operators.operators" name="test_hankel_operator[True]" time="0.019" /><testcase classname="src.pymortests.parameters.min_max_theta_functionals" name="test_min_theta_parameter_functional" time="0.017" /><testcase classname="src.pymortests.parameters.min_max_theta_functionals" name="test_min_theta_parameter_functional_fails_for_wrong_input" time="0.017" /><testcase classname="src.pymortests.parameters.min_max_theta_functionals" name="test_max_theta_parameter_functional" time="0.017" /><testcase classname="src.pymortests.parameters.min_max_theta_functionals" name="test_base_max_theta_parameter_functional" time="0.017" /><testcase classname="src.pymortests.parameters.mu_derivatives" name="test_ProjectionParameterFunctional" time="0.016" /><testcase classname="src.pymortests.parameters.mu_derivatives" name="test_ExpressionParameterFunctional" time="0.020" /><testcase classname="src.pymortests.parameters.mu_derivatives" name="test_simple_ProductParameterFunctional" time="0.018" /><testcase classname="src.pymortests.parameters.mu_derivatives" name="test_ProductParameterFunctional" time="0.020" /><testcase classname="src.pymortests.parameters.mu_derivatives" name="test_d_mu_of_LincombOperator" time="0.022" /><testcase classname="src.pymortests.parameters.mu_derivatives" name="test_output_d_mu" time="1.977" /><testcase classname="src.pymortests.parameters.parameter_functionals" name="test_LincombParameterFunctional" time="0.021" /><testcase classname="src.pymortests.parameters.parameters" name="test_uniform[space0]" time="0.019" /><testcase classname="src.pymortests.parameters.parameters" name="test_randomly[space0]" time="0.019" /><testcase classname="src.pymortests.parameters.parameters" name="test_randomly_without_count[space0]" time="0.016" /><testcase classname="src.pymortests.parameters.parameters" name="test_clip[space0]" time="0.016" /><testcase classname="src.pymortests.parameters.parameters" name="test_uniform[space1]" time="0.295" /><testcase classname="src.pymortests.parameters.parameters" name="test_randomly[space1]" time="0.020" /><testcase classname="src.pymortests.parameters.parameters" name="test_randomly_without_count[space1]" time="0.016" /><testcase classname="src.pymortests.parameters.parameters" name="test_clip[space1]" time="0.016" /><testcase classname="src.pymortests.parameters.parameters" name="test_uniform[space2]" time="0.463" /><testcase classname="src.pymortests.parameters.parameters" name="test_randomly[space2]" time="0.022" /><testcase classname="src.pymortests.parameters.parameters" name="test_randomly_without_count[space2]" time="0.016" /><testcase classname="src.pymortests.parameters.parameters" name="test_clip[space2]" time="0.017" /><testcase classname="src.pymortests.parameters.parameters" name="test_parse_parameter" time="0.016" /><testcase classname="src.pymortests.parameters.parameters" name="test_parse_mu" time="0.077" /><testcase classname="src.pymortests.parameters.parameters" name="test_mu_parameters" time="0.068" /><testcase classname="src.pymortests.parameters.parameters" name="test_mu_values" time="0.073" /><testcase classname="src.pymortests.parameters.parameters" name="test_mu_time_dependent" time="0.072" /><testcase classname="src.pymortests.parameters.parameters" name="test_mu_with_changed_time" time="0.067" /><testcase classname="src.pymortests.parameters.parameters" name="test_mu_to_numpy" time="0.071" /><testcase classname="src.pymortests.parameters.parameters" name="test_mu_t_wrong_value" time="0.017" /><testcase classname="src.pymortests.reductors.h2" name="test_irka" time="0.072" /></testsuite></testsuites>